Simulator report for ALU
Thu Nov 17 00:15:45 2022
Quartus II Version 9.0 Build 184 04/29/2009 Service Pack 1 SJ Web Edition


---------------------
; Table of Contents ;
---------------------
  1. Legal Notice
  2. Simulator Summary
  3. Simulator Settings
  4. Simulation Waveforms
  5. Coverage Summary
  6. Complete 1/0-Value Coverage
  7. Missing 1-Value Coverage
  8. Missing 0-Value Coverage
  9. Simulator INI Usage
 10. Simulator Messages



----------------
; Legal Notice ;
----------------
Copyright (C) 1991-2009 Altera Corporation
Your use of Altera Corporation's design tools, logic functions 
and other software and tools, and its AMPP partner logic 
functions, and any output files from any of the foregoing 
(including device programming or simulation files), and any 
associated documentation or information are expressly subject 
to the terms and conditions of the Altera Program License 
Subscription Agreement, Altera MegaCore Function License 
Agreement, or other applicable license agreement, including, 
without limitation, that your use is for the sole purpose of 
programming logic devices manufactured by Altera and sold by 
Altera or its authorized distributors.  Please refer to the 
applicable agreement for further details.



+--------------------------------------------+
; Simulator Summary                          ;
+-----------------------------+--------------+
; Type                        ; Value        ;
+-----------------------------+--------------+
; Simulation Start Time       ; 0 ps         ;
; Simulation End Time         ; 1.0 us       ;
; Simulation Netlist Size     ; 289 nodes    ;
; Simulation Coverage         ;      32.46 % ;
; Total Number of Transitions ; 498          ;
; Simulation Breakpoints      ; 0            ;
; Family                      ; FLEX10K      ;
+-----------------------------+--------------+


+-------------------------------------------------------------------------------------------------------------------------+
; Simulator Settings                                                                                                      ;
+--------------------------------------------------------------------------------------------+------------+---------------+
; Option                                                                                     ; Setting    ; Default Value ;
+--------------------------------------------------------------------------------------------+------------+---------------+
; Simulation mode                                                                            ; Functional ; Timing        ;
; Start time                                                                                 ; 0 ns       ; 0 ns          ;
; Simulation results format                                                                  ; CVWF       ;               ;
; Vector input source                                                                        ; ALU.vwf    ;               ;
; Add pins automatically to simulation output waveforms                                      ; On         ; On            ;
; Check outputs                                                                              ; Off        ; Off           ;
; Report simulation coverage                                                                 ; On         ; On            ;
; Display complete 1/0 value coverage report                                                 ; On         ; On            ;
; Display missing 1-value coverage report                                                    ; On         ; On            ;
; Display missing 0-value coverage report                                                    ; On         ; On            ;
; Detect setup and hold time violations                                                      ; Off        ; Off           ;
; Detect glitches                                                                            ; Off        ; Off           ;
; Disable timing delays in Timing Simulation                                                 ; Off        ; Off           ;
; Generate Signal Activity File                                                              ; Off        ; Off           ;
; Generate VCD File for PowerPlay Power Analyzer                                             ; Off        ; Off           ;
; Group bus channels in simulation results                                                   ; Off        ; Off           ;
; Preserve fewer signal transitions to reduce memory requirements                            ; On         ; On            ;
; Trigger vector comparison with the specified mode                                          ; INPUT_EDGE ; INPUT_EDGE    ;
; Disable setup and hold time violations detection in input registers of bi-directional pins ; Off        ; Off           ;
; Overwrite Waveform Inputs With Simulation Outputs                                          ; Off        ;               ;
; Perform Glitch Filtering in Timing Simulation                                              ; Auto       ; Auto          ;
+--------------------------------------------------------------------------------------------+------------+---------------+


+----------------------+
; Simulation Waveforms ;
+----------------------+
Waveform report data cannot be output to ASCII.
Please use Quartus II to view the waveform report data.


+--------------------------------------------------------------------+
; Coverage Summary                                                   ;
+-----------------------------------------------------+--------------+
; Type                                                ; Value        ;
+-----------------------------------------------------+--------------+
; Total coverage as a percentage                      ;      32.46 % ;
; Total nodes checked                                 ; 289          ;
; Total output ports checked                          ; 305          ;
; Total output ports with complete 1/0-value coverage ; 99           ;
; Total output ports with no 1/0-value coverage       ; 125          ;
; Total output ports with no 1-value coverage         ; 175          ;
; Total output ports with no 0-value coverage         ; 156          ;
+-----------------------------------------------------+--------------+


The following table displays output ports that toggle between 1 and 0 during simulation.
+-----------------------------------------------------------------------------------------------------------------------------------------------------------------------------+
; Complete 1/0-Value Coverage                                                                                                                                                 ;
+--------------------------------------------------------------------------+-------------------------------------------------------------------------------+------------------+
; Node Name                                                                ; Output Port Name                                                              ; Output Port Type ;
+--------------------------------------------------------------------------+-------------------------------------------------------------------------------+------------------+
; |ALU|cf~0                                                                ; |ALU|cf~0                                                                     ; out              ;
; |ALU|t[7]~0                                                              ; |ALU|t[7]~0                                                                   ; out              ;
; |ALU|t[6]~1                                                              ; |ALU|t[6]~1                                                                   ; out              ;
; |ALU|t[5]~2                                                              ; |ALU|t[5]~2                                                                   ; out              ;
; |ALU|t[4]~3                                                              ; |ALU|t[4]~3                                                                   ; out              ;
; |ALU|t[2]~5                                                              ; |ALU|t[2]~5                                                                   ; out              ;
; |ALU|t[1]~6                                                              ; |ALU|t[1]~6                                                                   ; out              ;
; |ALU|t[7]~7                                                              ; |ALU|t[7]~7                                                                   ; out0             ;
; |ALU|cf~1                                                                ; |ALU|cf~1                                                                     ; out              ;
; |ALU|t[7]~8                                                              ; |ALU|t[7]~8                                                                   ; out              ;
; |ALU|t[6]~9                                                              ; |ALU|t[6]~9                                                                   ; out              ;
; |ALU|t[5]~10                                                             ; |ALU|t[5]~10                                                                  ; out              ;
; |ALU|t[4]~11                                                             ; |ALU|t[4]~11                                                                  ; out              ;
; |ALU|t[2]~13                                                             ; |ALU|t[2]~13                                                                  ; out              ;
; |ALU|t[1]~14                                                             ; |ALU|t[1]~14                                                                  ; out              ;
; |ALU|t[7]~15                                                             ; |ALU|t[7]~15                                                                  ; out0             ;
; |ALU|t[6]$latch                                                          ; |ALU|t[6]$latch                                                               ; out              ;
; |ALU|t[7]~16                                                             ; |ALU|t[7]~16                                                                  ; out0             ;
; |ALU|t[7]~17                                                             ; |ALU|t[7]~17                                                                  ; out              ;
; |ALU|t[7]~18                                                             ; |ALU|t[7]~18                                                                  ; out0             ;
; |ALU|t[5]$latch                                                          ; |ALU|t[5]$latch                                                               ; out              ;
; |ALU|t[6]~19                                                             ; |ALU|t[6]~19                                                                  ; out              ;
; |ALU|t[4]$latch                                                          ; |ALU|t[4]$latch                                                               ; out              ;
; |ALU|cf~2                                                                ; |ALU|cf~2                                                                     ; out              ;
; |ALU|t[7]~20                                                             ; |ALU|t[7]~20                                                                  ; out              ;
; |ALU|t[6]~21                                                             ; |ALU|t[6]~21                                                                  ; out              ;
; |ALU|t[5]~22                                                             ; |ALU|t[5]~22                                                                  ; out              ;
; |ALU|t[4]~23                                                             ; |ALU|t[4]~23                                                                  ; out              ;
; |ALU|t[2]~25                                                             ; |ALU|t[2]~25                                                                  ; out              ;
; |ALU|t[1]~26                                                             ; |ALU|t[1]~26                                                                  ; out              ;
; |ALU|t[7]~27                                                             ; |ALU|t[7]~27                                                                  ; out0             ;
; |ALU|t[5]~28                                                             ; |ALU|t[5]~28                                                                  ; out              ;
; |ALU|t[4]~29                                                             ; |ALU|t[4]~29                                                                  ; out              ;
; |ALU|t[2]$latch                                                          ; |ALU|t[2]$latch                                                               ; out              ;
; |ALU|t[1]$latch                                                          ; |ALU|t[1]$latch                                                               ; out              ;
; |ALU|t[2]~31                                                             ; |ALU|t[2]~31                                                                  ; out              ;
; |ALU|t[0]$latch                                                          ; |ALU|t[0]$latch                                                               ; out              ;
; |ALU|t[1]~32                                                             ; |ALU|t[1]~32                                                                  ; out              ;
; |ALU|cf~3                                                                ; |ALU|cf~3                                                                     ; out              ;
; |ALU|t[7]~33                                                             ; |ALU|t[7]~33                                                                  ; out0             ;
; |ALU|t[7]~34                                                             ; |ALU|t[7]~34                                                                  ; out              ;
; |ALU|t[6]~35                                                             ; |ALU|t[6]~35                                                                  ; out              ;
; |ALU|t[5]~36                                                             ; |ALU|t[5]~36                                                                  ; out              ;
; |ALU|t[4]~37                                                             ; |ALU|t[4]~37                                                                  ; out              ;
; |ALU|t[2]~39                                                             ; |ALU|t[2]~39                                                                  ; out              ;
; |ALU|t[1]~40                                                             ; |ALU|t[1]~40                                                                  ; out              ;
; |ALU|t[0]~41                                                             ; |ALU|t[0]~41                                                                  ; out              ;
; |ALU|t[0]~42                                                             ; |ALU|t[0]~42                                                                  ; out              ;
; |ALU|t[0]~43                                                             ; |ALU|t[0]~43                                                                  ; out              ;
; |ALU|t[0]~44                                                             ; |ALU|t[0]~44                                                                  ; out              ;
; |ALU|t[0]~45                                                             ; |ALU|t[0]~45                                                                  ; out              ;
; |ALU|t[7]$latch                                                          ; |ALU|t[7]$latch                                                               ; out              ;
; |ALU|cf~4                                                                ; |ALU|cf~4                                                                     ; out              ;
; |ALU|s[0]                                                                ; |ALU|s[0]                                                                     ; out              ;
; |ALU|s[1]                                                                ; |ALU|s[1]                                                                     ; out              ;
; |ALU|s[2]                                                                ; |ALU|s[2]                                                                     ; out              ;
; |ALU|s[3]                                                                ; |ALU|s[3]                                                                     ; out              ;
; |ALU|cf                                                                  ; |ALU|cf                                                                       ; pin_out          ;
; |ALU|t[0]                                                                ; |ALU|t[0]                                                                     ; pin_out          ;
; |ALU|t[1]                                                                ; |ALU|t[1]                                                                     ; pin_out          ;
; |ALU|t[2]                                                                ; |ALU|t[2]                                                                     ; pin_out          ;
; |ALU|t[4]                                                                ; |ALU|t[4]                                                                     ; pin_out          ;
; |ALU|t[5]                                                                ; |ALU|t[5]                                                                     ; pin_out          ;
; |ALU|t[6]                                                                ; |ALU|t[6]                                                                     ; pin_out          ;
; |ALU|t[7]                                                                ; |ALU|t[7]                                                                     ; pin_out          ;
; |ALU|Equal0~0                                                            ; |ALU|Equal0~0                                                                 ; out0             ;
; |ALU|Equal2~0                                                            ; |ALU|Equal2~0                                                                 ; out0             ;
; |ALU|Equal5~0                                                            ; |ALU|Equal5~0                                                                 ; out0             ;
; |ALU|Equal7~0                                                            ; |ALU|Equal7~0                                                                 ; out0             ;
; |ALU|Equal8~0                                                            ; |ALU|Equal8~0                                                                 ; out0             ;
; |ALU|lpm_add_sub:Add1|result_node[5]                                     ; |ALU|lpm_add_sub:Add1|result_node[5]                                          ; out0             ;
; |ALU|lpm_add_sub:Add1|result_node[6]                                     ; |ALU|lpm_add_sub:Add1|result_node[6]                                          ; out0             ;
; |ALU|lpm_add_sub:Add1|result_node[7]                                     ; |ALU|lpm_add_sub:Add1|result_node[7]                                          ; out0             ;
; |ALU|lpm_add_sub:Add1|result_node[8]                                     ; |ALU|lpm_add_sub:Add1|result_node[8]                                          ; out0             ;
; |ALU|lpm_add_sub:Add1|result_node[9]                                     ; |ALU|lpm_add_sub:Add1|result_node[9]                                          ; out0             ;
; |ALU|lpm_add_sub:Add1|addcore:adder|unreg_res_node[9]                    ; |ALU|lpm_add_sub:Add1|addcore:adder|unreg_res_node[9]                         ; out0             ;
; |ALU|lpm_add_sub:Add1|addcore:adder|unreg_res_node[8]                    ; |ALU|lpm_add_sub:Add1|addcore:adder|unreg_res_node[8]                         ; out0             ;
; |ALU|lpm_add_sub:Add1|addcore:adder|unreg_res_node[7]                    ; |ALU|lpm_add_sub:Add1|addcore:adder|unreg_res_node[7]                         ; out0             ;
; |ALU|lpm_add_sub:Add1|addcore:adder|unreg_res_node[6]                    ; |ALU|lpm_add_sub:Add1|addcore:adder|unreg_res_node[6]                         ; out0             ;
; |ALU|lpm_add_sub:Add1|addcore:adder|unreg_res_node[5]                    ; |ALU|lpm_add_sub:Add1|addcore:adder|unreg_res_node[5]                         ; out0             ;
; |ALU|lpm_add_sub:Add1|addcore:adder|_~23                                 ; |ALU|lpm_add_sub:Add1|addcore:adder|_~23                                      ; out0             ;
; |ALU|lpm_add_sub:Add1|addcore:adder|_~25                                 ; |ALU|lpm_add_sub:Add1|addcore:adder|_~25                                      ; out0             ;
; |ALU|lpm_add_sub:Add1|addcore:adder|_~27                                 ; |ALU|lpm_add_sub:Add1|addcore:adder|_~27                                      ; out0             ;
; |ALU|lpm_add_sub:Add1|addcore:adder|_~32                                 ; |ALU|lpm_add_sub:Add1|addcore:adder|_~32                                      ; out0             ;
; |ALU|lpm_add_sub:Add1|addcore:adder|_~34                                 ; |ALU|lpm_add_sub:Add1|addcore:adder|_~34                                      ; out0             ;
; |ALU|lpm_add_sub:Add1|addcore:adder|_~35                                 ; |ALU|lpm_add_sub:Add1|addcore:adder|_~35                                      ; out0             ;
; |ALU|lpm_add_sub:Add1|addcore:adder|a_csnbuffer:result_node|cs_buffer[9] ; |ALU|lpm_add_sub:Add1|addcore:adder|a_csnbuffer:result_node|cs_buffer[9]      ; sout             ;
; |ALU|lpm_add_sub:Add1|addcore:adder|a_csnbuffer:result_node|cs_buffer[8] ; |ALU|lpm_add_sub:Add1|addcore:adder|a_csnbuffer:result_node|cs_buffer[8]~COUT ; cout             ;
; |ALU|lpm_add_sub:Add1|addcore:adder|a_csnbuffer:result_node|cs_buffer[8] ; |ALU|lpm_add_sub:Add1|addcore:adder|a_csnbuffer:result_node|cs_buffer[8]      ; sout             ;
; |ALU|lpm_add_sub:Add1|addcore:adder|a_csnbuffer:result_node|cs_buffer[7] ; |ALU|lpm_add_sub:Add1|addcore:adder|a_csnbuffer:result_node|cs_buffer[7]      ; sout             ;
; |ALU|lpm_add_sub:Add1|addcore:adder|a_csnbuffer:result_node|cs_buffer[6] ; |ALU|lpm_add_sub:Add1|addcore:adder|a_csnbuffer:result_node|cs_buffer[6]~COUT ; cout             ;
; |ALU|lpm_add_sub:Add1|addcore:adder|a_csnbuffer:result_node|cs_buffer[6] ; |ALU|lpm_add_sub:Add1|addcore:adder|a_csnbuffer:result_node|cs_buffer[6]      ; sout             ;
; |ALU|lpm_add_sub:Add1|addcore:adder|a_csnbuffer:result_node|cs_buffer[5] ; |ALU|lpm_add_sub:Add1|addcore:adder|a_csnbuffer:result_node|cs_buffer[5]~COUT ; cout             ;
; |ALU|lpm_add_sub:Add1|addcore:adder|a_csnbuffer:result_node|cs_buffer[5] ; |ALU|lpm_add_sub:Add1|addcore:adder|a_csnbuffer:result_node|cs_buffer[5]      ; sout             ;
; |ALU|lpm_add_sub:Add0|result_node[3]                                     ; |ALU|lpm_add_sub:Add0|result_node[3]                                          ; out0             ;
; |ALU|lpm_add_sub:Add0|addcore:adder|unreg_res_node[3]~6                  ; |ALU|lpm_add_sub:Add0|addcore:adder|unreg_res_node[3]~6                       ; out0             ;
; |ALU|lpm_add_sub:Add0|addcore:adder|unreg_res_node[3]                    ; |ALU|lpm_add_sub:Add0|addcore:adder|unreg_res_node[3]                         ; out0             ;
; |ALU|lpm_add_sub:Add0|addcore:adder|_~17                                 ; |ALU|lpm_add_sub:Add0|addcore:adder|_~17                                      ; out0             ;
; |ALU|lpm_add_sub:Add0|addcore:adder|a_csnbuffer:result_node|cs_buffer[3] ; |ALU|lpm_add_sub:Add0|addcore:adder|a_csnbuffer:result_node|cs_buffer[3]      ; sout             ;
+--------------------------------------------------------------------------+-------------------------------------------------------------------------------+------------------+


The following table displays output ports that do not toggle to 1 during simulation.
+-----------------------------------------------------------------------------------------------------------------------------------------------------------------------------+
; Missing 1-Value Coverage                                                                                                                                                    ;
+--------------------------------------------------------------------------+-------------------------------------------------------------------------------+------------------+
; Node Name                                                                ; Output Port Name                                                              ; Output Port Type ;
+--------------------------------------------------------------------------+-------------------------------------------------------------------------------+------------------+
; |ALU|always0~0                                                           ; |ALU|always0~0                                                                ; out0             ;
; |ALU|t~46                                                                ; |ALU|t~46                                                                     ; out0             ;
; |ALU|t~47                                                                ; |ALU|t~47                                                                     ; out0             ;
; |ALU|t~48                                                                ; |ALU|t~48                                                                     ; out0             ;
; |ALU|t~49                                                                ; |ALU|t~49                                                                     ; out0             ;
; |ALU|t~50                                                                ; |ALU|t~50                                                                     ; out0             ;
; |ALU|t~51                                                                ; |ALU|t~51                                                                     ; out0             ;
; |ALU|t~52                                                                ; |ALU|t~52                                                                     ; out0             ;
; |ALU|t~53                                                                ; |ALU|t~53                                                                     ; out0             ;
; |ALU|zf~0                                                                ; |ALU|zf~0                                                                     ; out              ;
; |ALU|t[3]~4                                                              ; |ALU|t[3]~4                                                                   ; out              ;
; |ALU|zf~1                                                                ; |ALU|zf~1                                                                     ; out              ;
; |ALU|t[3]~12                                                             ; |ALU|t[3]~12                                                                  ; out              ;
; |ALU|zf~2                                                                ; |ALU|zf~2                                                                     ; out              ;
; |ALU|t[3]~24                                                             ; |ALU|t[3]~24                                                                  ; out              ;
; |ALU|zf~3                                                                ; |ALU|zf~3                                                                     ; out              ;
; |ALU|t[3]$latch                                                          ; |ALU|t[3]$latch                                                               ; out              ;
; |ALU|t[3]~30                                                             ; |ALU|t[3]~30                                                                  ; out              ;
; |ALU|t[3]~38                                                             ; |ALU|t[3]~38                                                                  ; out              ;
; |ALU|zf~4                                                                ; |ALU|zf~4                                                                     ; out              ;
; |ALU|m                                                                   ; |ALU|m                                                                        ; out              ;
; |ALU|a[0]                                                                ; |ALU|a[0]                                                                     ; out              ;
; |ALU|a[1]                                                                ; |ALU|a[1]                                                                     ; out              ;
; |ALU|a[3]                                                                ; |ALU|a[3]                                                                     ; out              ;
; |ALU|a[4]                                                                ; |ALU|a[4]                                                                     ; out              ;
; |ALU|a[5]                                                                ; |ALU|a[5]                                                                     ; out              ;
; |ALU|a[7]                                                                ; |ALU|a[7]                                                                     ; out              ;
; |ALU|b[0]                                                                ; |ALU|b[0]                                                                     ; out              ;
; |ALU|b[1]                                                                ; |ALU|b[1]                                                                     ; out              ;
; |ALU|b[2]                                                                ; |ALU|b[2]                                                                     ; out              ;
; |ALU|b[4]                                                                ; |ALU|b[4]                                                                     ; out              ;
; |ALU|b[5]                                                                ; |ALU|b[5]                                                                     ; out              ;
; |ALU|b[6]                                                                ; |ALU|b[6]                                                                     ; out              ;
; |ALU|b[7]                                                                ; |ALU|b[7]                                                                     ; out              ;
; |ALU|zf                                                                  ; |ALU|zf                                                                       ; pin_out          ;
; |ALU|t[3]                                                                ; |ALU|t[3]                                                                     ; pin_out          ;
; |ALU|Equal3~0                                                            ; |ALU|Equal3~0                                                                 ; out0             ;
; |ALU|Equal4~0                                                            ; |ALU|Equal4~0                                                                 ; out0             ;
; |ALU|Equal6~0                                                            ; |ALU|Equal6~0                                                                 ; out0             ;
; |ALU|lpm_add_sub:Add1|result_node[1]                                     ; |ALU|lpm_add_sub:Add1|result_node[1]                                          ; out0             ;
; |ALU|lpm_add_sub:Add1|result_node[2]                                     ; |ALU|lpm_add_sub:Add1|result_node[2]                                          ; out0             ;
; |ALU|lpm_add_sub:Add1|result_node[4]                                     ; |ALU|lpm_add_sub:Add1|result_node[4]                                          ; out0             ;
; |ALU|lpm_add_sub:Add1|addcore:adder|datab_node[0]~0                      ; |ALU|lpm_add_sub:Add1|addcore:adder|datab_node[0]~0                           ; out0             ;
; |ALU|lpm_add_sub:Add1|addcore:adder|datab_node[0]                        ; |ALU|lpm_add_sub:Add1|addcore:adder|datab_node[0]                             ; out0             ;
; |ALU|lpm_add_sub:Add1|addcore:adder|unreg_res_node[0]~0                  ; |ALU|lpm_add_sub:Add1|addcore:adder|unreg_res_node[0]~0                       ; out0             ;
; |ALU|lpm_add_sub:Add1|addcore:adder|unreg_res_node[0]                    ; |ALU|lpm_add_sub:Add1|addcore:adder|unreg_res_node[0]                         ; out0             ;
; |ALU|lpm_add_sub:Add1|addcore:adder|_~0                                  ; |ALU|lpm_add_sub:Add1|addcore:adder|_~0                                       ; out0             ;
; |ALU|lpm_add_sub:Add1|addcore:adder|_~1                                  ; |ALU|lpm_add_sub:Add1|addcore:adder|_~1                                       ; out0             ;
; |ALU|lpm_add_sub:Add1|addcore:adder|_~2                                  ; |ALU|lpm_add_sub:Add1|addcore:adder|_~2                                       ; out0             ;
; |ALU|lpm_add_sub:Add1|addcore:adder|_~3                                  ; |ALU|lpm_add_sub:Add1|addcore:adder|_~3                                       ; out0             ;
; |ALU|lpm_add_sub:Add1|addcore:adder|datab_node[9]~1                      ; |ALU|lpm_add_sub:Add1|addcore:adder|datab_node[9]~1                           ; out0             ;
; |ALU|lpm_add_sub:Add1|addcore:adder|datab_node[9]                        ; |ALU|lpm_add_sub:Add1|addcore:adder|datab_node[9]                             ; out0             ;
; |ALU|lpm_add_sub:Add1|addcore:adder|datab_node[7]                        ; |ALU|lpm_add_sub:Add1|addcore:adder|datab_node[7]                             ; out0             ;
; |ALU|lpm_add_sub:Add1|addcore:adder|datab_node[6]                        ; |ALU|lpm_add_sub:Add1|addcore:adder|datab_node[6]                             ; out0             ;
; |ALU|lpm_add_sub:Add1|addcore:adder|datab_node[5]                        ; |ALU|lpm_add_sub:Add1|addcore:adder|datab_node[5]                             ; out0             ;
; |ALU|lpm_add_sub:Add1|addcore:adder|datab_node[3]                        ; |ALU|lpm_add_sub:Add1|addcore:adder|datab_node[3]                             ; out0             ;
; |ALU|lpm_add_sub:Add1|addcore:adder|datab_node[2]                        ; |ALU|lpm_add_sub:Add1|addcore:adder|datab_node[2]                             ; out0             ;
; |ALU|lpm_add_sub:Add1|addcore:adder|datab_node[1]                        ; |ALU|lpm_add_sub:Add1|addcore:adder|datab_node[1]                             ; out0             ;
; |ALU|lpm_add_sub:Add1|addcore:adder|unreg_res_node[9]~1                  ; |ALU|lpm_add_sub:Add1|addcore:adder|unreg_res_node[9]~1                       ; out0             ;
; |ALU|lpm_add_sub:Add1|addcore:adder|unreg_res_node[7]~3                  ; |ALU|lpm_add_sub:Add1|addcore:adder|unreg_res_node[7]~3                       ; out0             ;
; |ALU|lpm_add_sub:Add1|addcore:adder|unreg_res_node[6]~4                  ; |ALU|lpm_add_sub:Add1|addcore:adder|unreg_res_node[6]~4                       ; out0             ;
; |ALU|lpm_add_sub:Add1|addcore:adder|unreg_res_node[4]~6                  ; |ALU|lpm_add_sub:Add1|addcore:adder|unreg_res_node[4]~6                       ; out0             ;
; |ALU|lpm_add_sub:Add1|addcore:adder|unreg_res_node[3]~7                  ; |ALU|lpm_add_sub:Add1|addcore:adder|unreg_res_node[3]~7                       ; out0             ;
; |ALU|lpm_add_sub:Add1|addcore:adder|unreg_res_node[1]~9                  ; |ALU|lpm_add_sub:Add1|addcore:adder|unreg_res_node[1]~9                       ; out0             ;
; |ALU|lpm_add_sub:Add1|addcore:adder|unreg_res_node[4]                    ; |ALU|lpm_add_sub:Add1|addcore:adder|unreg_res_node[4]                         ; out0             ;
; |ALU|lpm_add_sub:Add1|addcore:adder|unreg_res_node[2]                    ; |ALU|lpm_add_sub:Add1|addcore:adder|unreg_res_node[2]                         ; out0             ;
; |ALU|lpm_add_sub:Add1|addcore:adder|unreg_res_node[1]                    ; |ALU|lpm_add_sub:Add1|addcore:adder|unreg_res_node[1]                         ; out0             ;
; |ALU|lpm_add_sub:Add1|addcore:adder|_~4                                  ; |ALU|lpm_add_sub:Add1|addcore:adder|_~4                                       ; out0             ;
; |ALU|lpm_add_sub:Add1|addcore:adder|_~5                                  ; |ALU|lpm_add_sub:Add1|addcore:adder|_~5                                       ; out0             ;
; |ALU|lpm_add_sub:Add1|addcore:adder|_~6                                  ; |ALU|lpm_add_sub:Add1|addcore:adder|_~6                                       ; out0             ;
; |ALU|lpm_add_sub:Add1|addcore:adder|_~7                                  ; |ALU|lpm_add_sub:Add1|addcore:adder|_~7                                       ; out0             ;
; |ALU|lpm_add_sub:Add1|addcore:adder|_~8                                  ; |ALU|lpm_add_sub:Add1|addcore:adder|_~8                                       ; out0             ;
; |ALU|lpm_add_sub:Add1|addcore:adder|_~10                                 ; |ALU|lpm_add_sub:Add1|addcore:adder|_~10                                      ; out0             ;
; |ALU|lpm_add_sub:Add1|addcore:adder|_~11                                 ; |ALU|lpm_add_sub:Add1|addcore:adder|_~11                                      ; out0             ;
; |ALU|lpm_add_sub:Add1|addcore:adder|_~12                                 ; |ALU|lpm_add_sub:Add1|addcore:adder|_~12                                      ; out0             ;
; |ALU|lpm_add_sub:Add1|addcore:adder|_~13                                 ; |ALU|lpm_add_sub:Add1|addcore:adder|_~13                                      ; out0             ;
; |ALU|lpm_add_sub:Add1|addcore:adder|_~15                                 ; |ALU|lpm_add_sub:Add1|addcore:adder|_~15                                      ; out0             ;
; |ALU|lpm_add_sub:Add1|addcore:adder|_~16                                 ; |ALU|lpm_add_sub:Add1|addcore:adder|_~16                                      ; out0             ;
; |ALU|lpm_add_sub:Add1|addcore:adder|_~17                                 ; |ALU|lpm_add_sub:Add1|addcore:adder|_~17                                      ; out0             ;
; |ALU|lpm_add_sub:Add1|addcore:adder|_~19                                 ; |ALU|lpm_add_sub:Add1|addcore:adder|_~19                                      ; out0             ;
; |ALU|lpm_add_sub:Add1|addcore:adder|_~20                                 ; |ALU|lpm_add_sub:Add1|addcore:adder|_~20                                      ; out0             ;
; |ALU|lpm_add_sub:Add1|addcore:adder|_~21                                 ; |ALU|lpm_add_sub:Add1|addcore:adder|_~21                                      ; out0             ;
; |ALU|lpm_add_sub:Add1|addcore:adder|_~22                                 ; |ALU|lpm_add_sub:Add1|addcore:adder|_~22                                      ; out0             ;
; |ALU|lpm_add_sub:Add1|addcore:adder|_~24                                 ; |ALU|lpm_add_sub:Add1|addcore:adder|_~24                                      ; out0             ;
; |ALU|lpm_add_sub:Add1|addcore:adder|_~28                                 ; |ALU|lpm_add_sub:Add1|addcore:adder|_~28                                      ; out0             ;
; |ALU|lpm_add_sub:Add1|addcore:adder|_~29                                 ; |ALU|lpm_add_sub:Add1|addcore:adder|_~29                                      ; out0             ;
; |ALU|lpm_add_sub:Add1|addcore:adder|_~30                                 ; |ALU|lpm_add_sub:Add1|addcore:adder|_~30                                      ; out0             ;
; |ALU|lpm_add_sub:Add1|addcore:adder|_~31                                 ; |ALU|lpm_add_sub:Add1|addcore:adder|_~31                                      ; out0             ;
; |ALU|lpm_add_sub:Add1|addcore:adder|_~33                                 ; |ALU|lpm_add_sub:Add1|addcore:adder|_~33                                      ; out0             ;
; |ALU|lpm_add_sub:Add1|addcore:adder|_~37                                 ; |ALU|lpm_add_sub:Add1|addcore:adder|_~37                                      ; out0             ;
; |ALU|lpm_add_sub:Add1|addcore:adder|_~38                                 ; |ALU|lpm_add_sub:Add1|addcore:adder|_~38                                      ; out0             ;
; |ALU|lpm_add_sub:Add1|addcore:adder|_~39                                 ; |ALU|lpm_add_sub:Add1|addcore:adder|_~39                                      ; out0             ;
; |ALU|lpm_add_sub:Add1|addcore:adder|a_csnbuffer:result_node|cs_buffer[7] ; |ALU|lpm_add_sub:Add1|addcore:adder|a_csnbuffer:result_node|cs_buffer[7]~COUT ; cout             ;
; |ALU|lpm_add_sub:Add1|addcore:adder|a_csnbuffer:result_node|cs_buffer[4] ; |ALU|lpm_add_sub:Add1|addcore:adder|a_csnbuffer:result_node|cs_buffer[4]      ; sout             ;
; |ALU|lpm_add_sub:Add1|addcore:adder|a_csnbuffer:result_node|cs_buffer[3] ; |ALU|lpm_add_sub:Add1|addcore:adder|a_csnbuffer:result_node|cs_buffer[3]~COUT ; cout             ;
; |ALU|lpm_add_sub:Add1|addcore:adder|a_csnbuffer:result_node|cs_buffer[2] ; |ALU|lpm_add_sub:Add1|addcore:adder|a_csnbuffer:result_node|cs_buffer[2]~COUT ; cout             ;
; |ALU|lpm_add_sub:Add1|addcore:adder|a_csnbuffer:result_node|cs_buffer[2] ; |ALU|lpm_add_sub:Add1|addcore:adder|a_csnbuffer:result_node|cs_buffer[2]      ; sout             ;
; |ALU|lpm_add_sub:Add1|addcore:adder|a_csnbuffer:result_node|cs_buffer[1] ; |ALU|lpm_add_sub:Add1|addcore:adder|a_csnbuffer:result_node|cs_buffer[1]~COUT ; cout             ;
; |ALU|lpm_add_sub:Add1|addcore:adder|a_csnbuffer:result_node|cs_buffer[1] ; |ALU|lpm_add_sub:Add1|addcore:adder|a_csnbuffer:result_node|cs_buffer[1]      ; sout             ;
; |ALU|lpm_add_sub:Add1|addcore:adder|a_csnbuffer:result_node|cs_buffer[0] ; |ALU|lpm_add_sub:Add1|addcore:adder|a_csnbuffer:result_node|cs_buffer[0]~COUT ; cout             ;
; |ALU|lpm_add_sub:Add0|result_node[0]                                     ; |ALU|lpm_add_sub:Add0|result_node[0]                                          ; out0             ;
; |ALU|lpm_add_sub:Add0|result_node[1]                                     ; |ALU|lpm_add_sub:Add0|result_node[1]                                          ; out0             ;
; |ALU|lpm_add_sub:Add0|result_node[4]                                     ; |ALU|lpm_add_sub:Add0|result_node[4]                                          ; out0             ;
; |ALU|lpm_add_sub:Add0|result_node[5]                                     ; |ALU|lpm_add_sub:Add0|result_node[5]                                          ; out0             ;
; |ALU|lpm_add_sub:Add0|result_node[7]                                     ; |ALU|lpm_add_sub:Add0|result_node[7]                                          ; out0             ;
; |ALU|lpm_add_sub:Add0|result_node[8]                                     ; |ALU|lpm_add_sub:Add0|result_node[8]                                          ; out0             ;
; |ALU|lpm_add_sub:Add0|addcore:adder|datab_node[0]~0                      ; |ALU|lpm_add_sub:Add0|addcore:adder|datab_node[0]~0                           ; out0             ;
; |ALU|lpm_add_sub:Add0|addcore:adder|datab_node[0]                        ; |ALU|lpm_add_sub:Add0|addcore:adder|datab_node[0]                             ; out0             ;
; |ALU|lpm_add_sub:Add0|addcore:adder|unreg_res_node[0]~0                  ; |ALU|lpm_add_sub:Add0|addcore:adder|unreg_res_node[0]~0                       ; out0             ;
; |ALU|lpm_add_sub:Add0|addcore:adder|unreg_res_node[0]                    ; |ALU|lpm_add_sub:Add0|addcore:adder|unreg_res_node[0]                         ; out0             ;
; |ALU|lpm_add_sub:Add0|addcore:adder|_~0                                  ; |ALU|lpm_add_sub:Add0|addcore:adder|_~0                                       ; out0             ;
; |ALU|lpm_add_sub:Add0|addcore:adder|_~1                                  ; |ALU|lpm_add_sub:Add0|addcore:adder|_~1                                       ; out0             ;
; |ALU|lpm_add_sub:Add0|addcore:adder|_~2                                  ; |ALU|lpm_add_sub:Add0|addcore:adder|_~2                                       ; out0             ;
; |ALU|lpm_add_sub:Add0|addcore:adder|_~3                                  ; |ALU|lpm_add_sub:Add0|addcore:adder|_~3                                       ; out0             ;
; |ALU|lpm_add_sub:Add0|addcore:adder|datab_node[8]~1                      ; |ALU|lpm_add_sub:Add0|addcore:adder|datab_node[8]~1                           ; out0             ;
; |ALU|lpm_add_sub:Add0|addcore:adder|datab_node[8]                        ; |ALU|lpm_add_sub:Add0|addcore:adder|datab_node[8]                             ; out0             ;
; |ALU|lpm_add_sub:Add0|addcore:adder|datab_node[7]                        ; |ALU|lpm_add_sub:Add0|addcore:adder|datab_node[7]                             ; out0             ;
; |ALU|lpm_add_sub:Add0|addcore:adder|datab_node[6]                        ; |ALU|lpm_add_sub:Add0|addcore:adder|datab_node[6]                             ; out0             ;
; |ALU|lpm_add_sub:Add0|addcore:adder|datab_node[5]                        ; |ALU|lpm_add_sub:Add0|addcore:adder|datab_node[5]                             ; out0             ;
; |ALU|lpm_add_sub:Add0|addcore:adder|datab_node[4]                        ; |ALU|lpm_add_sub:Add0|addcore:adder|datab_node[4]                             ; out0             ;
; |ALU|lpm_add_sub:Add0|addcore:adder|datab_node[2]                        ; |ALU|lpm_add_sub:Add0|addcore:adder|datab_node[2]                             ; out0             ;
; |ALU|lpm_add_sub:Add0|addcore:adder|datab_node[1]                        ; |ALU|lpm_add_sub:Add0|addcore:adder|datab_node[1]                             ; out0             ;
; |ALU|lpm_add_sub:Add0|addcore:adder|unreg_res_node[8]~1                  ; |ALU|lpm_add_sub:Add0|addcore:adder|unreg_res_node[8]~1                       ; out0             ;
; |ALU|lpm_add_sub:Add0|addcore:adder|unreg_res_node[7]~2                  ; |ALU|lpm_add_sub:Add0|addcore:adder|unreg_res_node[7]~2                       ; out0             ;
; |ALU|lpm_add_sub:Add0|addcore:adder|unreg_res_node[5]~4                  ; |ALU|lpm_add_sub:Add0|addcore:adder|unreg_res_node[5]~4                       ; out0             ;
; |ALU|lpm_add_sub:Add0|addcore:adder|unreg_res_node[4]~5                  ; |ALU|lpm_add_sub:Add0|addcore:adder|unreg_res_node[4]~5                       ; out0             ;
; |ALU|lpm_add_sub:Add0|addcore:adder|unreg_res_node[1]~8                  ; |ALU|lpm_add_sub:Add0|addcore:adder|unreg_res_node[1]~8                       ; out0             ;
; |ALU|lpm_add_sub:Add0|addcore:adder|unreg_res_node[8]                    ; |ALU|lpm_add_sub:Add0|addcore:adder|unreg_res_node[8]                         ; out0             ;
; |ALU|lpm_add_sub:Add0|addcore:adder|unreg_res_node[7]                    ; |ALU|lpm_add_sub:Add0|addcore:adder|unreg_res_node[7]                         ; out0             ;
; |ALU|lpm_add_sub:Add0|addcore:adder|unreg_res_node[5]                    ; |ALU|lpm_add_sub:Add0|addcore:adder|unreg_res_node[5]                         ; out0             ;
; |ALU|lpm_add_sub:Add0|addcore:adder|unreg_res_node[4]                    ; |ALU|lpm_add_sub:Add0|addcore:adder|unreg_res_node[4]                         ; out0             ;
; |ALU|lpm_add_sub:Add0|addcore:adder|unreg_res_node[1]                    ; |ALU|lpm_add_sub:Add0|addcore:adder|unreg_res_node[1]                         ; out0             ;
; |ALU|lpm_add_sub:Add0|addcore:adder|_~4                                  ; |ALU|lpm_add_sub:Add0|addcore:adder|_~4                                       ; out0             ;
; |ALU|lpm_add_sub:Add0|addcore:adder|_~5                                  ; |ALU|lpm_add_sub:Add0|addcore:adder|_~5                                       ; out0             ;
; |ALU|lpm_add_sub:Add0|addcore:adder|_~6                                  ; |ALU|lpm_add_sub:Add0|addcore:adder|_~6                                       ; out0             ;
; |ALU|lpm_add_sub:Add0|addcore:adder|_~7                                  ; |ALU|lpm_add_sub:Add0|addcore:adder|_~7                                       ; out0             ;
; |ALU|lpm_add_sub:Add0|addcore:adder|_~8                                  ; |ALU|lpm_add_sub:Add0|addcore:adder|_~8                                       ; out0             ;
; |ALU|lpm_add_sub:Add0|addcore:adder|_~9                                  ; |ALU|lpm_add_sub:Add0|addcore:adder|_~9                                       ; out0             ;
; |ALU|lpm_add_sub:Add0|addcore:adder|_~10                                 ; |ALU|lpm_add_sub:Add0|addcore:adder|_~10                                      ; out0             ;
; |ALU|lpm_add_sub:Add0|addcore:adder|_~11                                 ; |ALU|lpm_add_sub:Add0|addcore:adder|_~11                                      ; out0             ;
; |ALU|lpm_add_sub:Add0|addcore:adder|_~12                                 ; |ALU|lpm_add_sub:Add0|addcore:adder|_~12                                      ; out0             ;
; |ALU|lpm_add_sub:Add0|addcore:adder|_~13                                 ; |ALU|lpm_add_sub:Add0|addcore:adder|_~13                                      ; out0             ;
; |ALU|lpm_add_sub:Add0|addcore:adder|_~15                                 ; |ALU|lpm_add_sub:Add0|addcore:adder|_~15                                      ; out0             ;
; |ALU|lpm_add_sub:Add0|addcore:adder|_~16                                 ; |ALU|lpm_add_sub:Add0|addcore:adder|_~16                                      ; out0             ;
; |ALU|lpm_add_sub:Add0|addcore:adder|_~19                                 ; |ALU|lpm_add_sub:Add0|addcore:adder|_~19                                      ; out0             ;
; |ALU|lpm_add_sub:Add0|addcore:adder|_~20                                 ; |ALU|lpm_add_sub:Add0|addcore:adder|_~20                                      ; out0             ;
; |ALU|lpm_add_sub:Add0|addcore:adder|_~21                                 ; |ALU|lpm_add_sub:Add0|addcore:adder|_~21                                      ; out0             ;
; |ALU|lpm_add_sub:Add0|addcore:adder|_~22                                 ; |ALU|lpm_add_sub:Add0|addcore:adder|_~22                                      ; out0             ;
; |ALU|lpm_add_sub:Add0|addcore:adder|_~23                                 ; |ALU|lpm_add_sub:Add0|addcore:adder|_~23                                      ; out0             ;
; |ALU|lpm_add_sub:Add0|addcore:adder|_~24                                 ; |ALU|lpm_add_sub:Add0|addcore:adder|_~24                                      ; out0             ;
; |ALU|lpm_add_sub:Add0|addcore:adder|_~25                                 ; |ALU|lpm_add_sub:Add0|addcore:adder|_~25                                      ; out0             ;
; |ALU|lpm_add_sub:Add0|addcore:adder|_~26                                 ; |ALU|lpm_add_sub:Add0|addcore:adder|_~26                                      ; out0             ;
; |ALU|lpm_add_sub:Add0|addcore:adder|_~27                                 ; |ALU|lpm_add_sub:Add0|addcore:adder|_~27                                      ; out0             ;
; |ALU|lpm_add_sub:Add0|addcore:adder|_~28                                 ; |ALU|lpm_add_sub:Add0|addcore:adder|_~28                                      ; out0             ;
; |ALU|lpm_add_sub:Add0|addcore:adder|_~29                                 ; |ALU|lpm_add_sub:Add0|addcore:adder|_~29                                      ; out0             ;
; |ALU|lpm_add_sub:Add0|addcore:adder|_~30                                 ; |ALU|lpm_add_sub:Add0|addcore:adder|_~30                                      ; out0             ;
; |ALU|lpm_add_sub:Add0|addcore:adder|_~31                                 ; |ALU|lpm_add_sub:Add0|addcore:adder|_~31                                      ; out0             ;
; |ALU|lpm_add_sub:Add0|addcore:adder|_~32                                 ; |ALU|lpm_add_sub:Add0|addcore:adder|_~32                                      ; out0             ;
; |ALU|lpm_add_sub:Add0|addcore:adder|_~33                                 ; |ALU|lpm_add_sub:Add0|addcore:adder|_~33                                      ; out0             ;
; |ALU|lpm_add_sub:Add0|addcore:adder|_~34                                 ; |ALU|lpm_add_sub:Add0|addcore:adder|_~34                                      ; out0             ;
; |ALU|lpm_add_sub:Add0|addcore:adder|_~35                                 ; |ALU|lpm_add_sub:Add0|addcore:adder|_~35                                      ; out0             ;
; |ALU|lpm_add_sub:Add0|addcore:adder|a_csnbuffer:result_node|cs_buffer[8] ; |ALU|lpm_add_sub:Add0|addcore:adder|a_csnbuffer:result_node|cs_buffer[8]      ; sout             ;
; |ALU|lpm_add_sub:Add0|addcore:adder|a_csnbuffer:result_node|cs_buffer[7] ; |ALU|lpm_add_sub:Add0|addcore:adder|a_csnbuffer:result_node|cs_buffer[7]~COUT ; cout             ;
; |ALU|lpm_add_sub:Add0|addcore:adder|a_csnbuffer:result_node|cs_buffer[7] ; |ALU|lpm_add_sub:Add0|addcore:adder|a_csnbuffer:result_node|cs_buffer[7]      ; sout             ;
; |ALU|lpm_add_sub:Add0|addcore:adder|a_csnbuffer:result_node|cs_buffer[6] ; |ALU|lpm_add_sub:Add0|addcore:adder|a_csnbuffer:result_node|cs_buffer[6]~COUT ; cout             ;
; |ALU|lpm_add_sub:Add0|addcore:adder|a_csnbuffer:result_node|cs_buffer[5] ; |ALU|lpm_add_sub:Add0|addcore:adder|a_csnbuffer:result_node|cs_buffer[5]~COUT ; cout             ;
; |ALU|lpm_add_sub:Add0|addcore:adder|a_csnbuffer:result_node|cs_buffer[5] ; |ALU|lpm_add_sub:Add0|addcore:adder|a_csnbuffer:result_node|cs_buffer[5]      ; sout             ;
; |ALU|lpm_add_sub:Add0|addcore:adder|a_csnbuffer:result_node|cs_buffer[4] ; |ALU|lpm_add_sub:Add0|addcore:adder|a_csnbuffer:result_node|cs_buffer[4]~COUT ; cout             ;
; |ALU|lpm_add_sub:Add0|addcore:adder|a_csnbuffer:result_node|cs_buffer[4] ; |ALU|lpm_add_sub:Add0|addcore:adder|a_csnbuffer:result_node|cs_buffer[4]      ; sout             ;
; |ALU|lpm_add_sub:Add0|addcore:adder|a_csnbuffer:result_node|cs_buffer[3] ; |ALU|lpm_add_sub:Add0|addcore:adder|a_csnbuffer:result_node|cs_buffer[3]~COUT ; cout             ;
; |ALU|lpm_add_sub:Add0|addcore:adder|a_csnbuffer:result_node|cs_buffer[2] ; |ALU|lpm_add_sub:Add0|addcore:adder|a_csnbuffer:result_node|cs_buffer[2]~COUT ; cout             ;
; |ALU|lpm_add_sub:Add0|addcore:adder|a_csnbuffer:result_node|cs_buffer[1] ; |ALU|lpm_add_sub:Add0|addcore:adder|a_csnbuffer:result_node|cs_buffer[1]~COUT ; cout             ;
; |ALU|lpm_add_sub:Add0|addcore:adder|a_csnbuffer:result_node|cs_buffer[1] ; |ALU|lpm_add_sub:Add0|addcore:adder|a_csnbuffer:result_node|cs_buffer[1]      ; sout             ;
; |ALU|lpm_add_sub:Add0|addcore:adder|a_csnbuffer:result_node|cs_buffer[0] ; |ALU|lpm_add_sub:Add0|addcore:adder|a_csnbuffer:result_node|cs_buffer[0]~COUT ; cout             ;
; |ALU|lpm_add_sub:Add0|addcore:adder|a_csnbuffer:result_node|cs_buffer[0] ; |ALU|lpm_add_sub:Add0|addcore:adder|a_csnbuffer:result_node|cs_buffer[0]      ; sout             ;
+--------------------------------------------------------------------------+-------------------------------------------------------------------------------+------------------+


The following table displays output ports that do not toggle to 0 during simulation.
+-----------------------------------------------------------------------------------------------------------------------------------------------------------------------------+
; Missing 0-Value Coverage                                                                                                                                                    ;
+--------------------------------------------------------------------------+-------------------------------------------------------------------------------+------------------+
; Node Name                                                                ; Output Port Name                                                              ; Output Port Type ;
+--------------------------------------------------------------------------+-------------------------------------------------------------------------------+------------------+
; |ALU|always0~0                                                           ; |ALU|always0~0                                                                ; out0             ;
; |ALU|always0~1                                                           ; |ALU|always0~1                                                                ; out0             ;
; |ALU|always0~2                                                           ; |ALU|always0~2                                                                ; out0             ;
; |ALU|t~46                                                                ; |ALU|t~46                                                                     ; out0             ;
; |ALU|t~47                                                                ; |ALU|t~47                                                                     ; out0             ;
; |ALU|t~48                                                                ; |ALU|t~48                                                                     ; out0             ;
; |ALU|t~49                                                                ; |ALU|t~49                                                                     ; out0             ;
; |ALU|t~50                                                                ; |ALU|t~50                                                                     ; out0             ;
; |ALU|t~51                                                                ; |ALU|t~51                                                                     ; out0             ;
; |ALU|t~52                                                                ; |ALU|t~52                                                                     ; out0             ;
; |ALU|t~53                                                                ; |ALU|t~53                                                                     ; out0             ;
; |ALU|zf~0                                                                ; |ALU|zf~0                                                                     ; out              ;
; |ALU|zf~1                                                                ; |ALU|zf~1                                                                     ; out              ;
; |ALU|zf~2                                                                ; |ALU|zf~2                                                                     ; out              ;
; |ALU|zf~3                                                                ; |ALU|zf~3                                                                     ; out              ;
; |ALU|zf~4                                                                ; |ALU|zf~4                                                                     ; out              ;
; |ALU|a[0]                                                                ; |ALU|a[0]                                                                     ; out              ;
; |ALU|a[1]                                                                ; |ALU|a[1]                                                                     ; out              ;
; |ALU|a[2]                                                                ; |ALU|a[2]                                                                     ; out              ;
; |ALU|a[4]                                                                ; |ALU|a[4]                                                                     ; out              ;
; |ALU|a[5]                                                                ; |ALU|a[5]                                                                     ; out              ;
; |ALU|a[6]                                                                ; |ALU|a[6]                                                                     ; out              ;
; |ALU|b[0]                                                                ; |ALU|b[0]                                                                     ; out              ;
; |ALU|b[2]                                                                ; |ALU|b[2]                                                                     ; out              ;
; |ALU|b[3]                                                                ; |ALU|b[3]                                                                     ; out              ;
; |ALU|b[5]                                                                ; |ALU|b[5]                                                                     ; out              ;
; |ALU|b[6]                                                                ; |ALU|b[6]                                                                     ; out              ;
; |ALU|b[7]                                                                ; |ALU|b[7]                                                                     ; out              ;
; |ALU|zf                                                                  ; |ALU|zf                                                                       ; pin_out          ;
; |ALU|Equal1~0                                                            ; |ALU|Equal1~0                                                                 ; out0             ;
; |ALU|Equal4~0                                                            ; |ALU|Equal4~0                                                                 ; out0             ;
; |ALU|Equal6~0                                                            ; |ALU|Equal6~0                                                                 ; out0             ;
; |ALU|lpm_add_sub:Add1|result_node[1]                                     ; |ALU|lpm_add_sub:Add1|result_node[1]                                          ; out0             ;
; |ALU|lpm_add_sub:Add1|result_node[3]                                     ; |ALU|lpm_add_sub:Add1|result_node[3]                                          ; out0             ;
; |ALU|lpm_add_sub:Add1|addcore:adder|datab_node[0]~0                      ; |ALU|lpm_add_sub:Add1|addcore:adder|datab_node[0]~0                           ; out0             ;
; |ALU|lpm_add_sub:Add1|addcore:adder|datab_node[0]                        ; |ALU|lpm_add_sub:Add1|addcore:adder|datab_node[0]                             ; out0             ;
; |ALU|lpm_add_sub:Add1|addcore:adder|unreg_res_node[0]~0                  ; |ALU|lpm_add_sub:Add1|addcore:adder|unreg_res_node[0]~0                       ; out0             ;
; |ALU|lpm_add_sub:Add1|addcore:adder|unreg_res_node[0]                    ; |ALU|lpm_add_sub:Add1|addcore:adder|unreg_res_node[0]                         ; out0             ;
; |ALU|lpm_add_sub:Add1|addcore:adder|_~0                                  ; |ALU|lpm_add_sub:Add1|addcore:adder|_~0                                       ; out0             ;
; |ALU|lpm_add_sub:Add1|addcore:adder|_~1                                  ; |ALU|lpm_add_sub:Add1|addcore:adder|_~1                                       ; out0             ;
; |ALU|lpm_add_sub:Add1|addcore:adder|_~2                                  ; |ALU|lpm_add_sub:Add1|addcore:adder|_~2                                       ; out0             ;
; |ALU|lpm_add_sub:Add1|addcore:adder|_~3                                  ; |ALU|lpm_add_sub:Add1|addcore:adder|_~3                                       ; out0             ;
; |ALU|lpm_add_sub:Add1|addcore:adder|datab_node[9]~1                      ; |ALU|lpm_add_sub:Add1|addcore:adder|datab_node[9]~1                           ; out0             ;
; |ALU|lpm_add_sub:Add1|addcore:adder|datab_node[9]                        ; |ALU|lpm_add_sub:Add1|addcore:adder|datab_node[9]                             ; out0             ;
; |ALU|lpm_add_sub:Add1|addcore:adder|datab_node[8]                        ; |ALU|lpm_add_sub:Add1|addcore:adder|datab_node[8]                             ; out0             ;
; |ALU|lpm_add_sub:Add1|addcore:adder|datab_node[6]                        ; |ALU|lpm_add_sub:Add1|addcore:adder|datab_node[6]                             ; out0             ;
; |ALU|lpm_add_sub:Add1|addcore:adder|datab_node[5]                        ; |ALU|lpm_add_sub:Add1|addcore:adder|datab_node[5]                             ; out0             ;
; |ALU|lpm_add_sub:Add1|addcore:adder|datab_node[4]                        ; |ALU|lpm_add_sub:Add1|addcore:adder|datab_node[4]                             ; out0             ;
; |ALU|lpm_add_sub:Add1|addcore:adder|datab_node[2]                        ; |ALU|lpm_add_sub:Add1|addcore:adder|datab_node[2]                             ; out0             ;
; |ALU|lpm_add_sub:Add1|addcore:adder|datab_node[1]                        ; |ALU|lpm_add_sub:Add1|addcore:adder|datab_node[1]                             ; out0             ;
; |ALU|lpm_add_sub:Add1|addcore:adder|unreg_res_node[9]~1                  ; |ALU|lpm_add_sub:Add1|addcore:adder|unreg_res_node[9]~1                       ; out0             ;
; |ALU|lpm_add_sub:Add1|addcore:adder|unreg_res_node[8]~2                  ; |ALU|lpm_add_sub:Add1|addcore:adder|unreg_res_node[8]~2                       ; out0             ;
; |ALU|lpm_add_sub:Add1|addcore:adder|unreg_res_node[6]~4                  ; |ALU|lpm_add_sub:Add1|addcore:adder|unreg_res_node[6]~4                       ; out0             ;
; |ALU|lpm_add_sub:Add1|addcore:adder|unreg_res_node[5]~5                  ; |ALU|lpm_add_sub:Add1|addcore:adder|unreg_res_node[5]~5                       ; out0             ;
; |ALU|lpm_add_sub:Add1|addcore:adder|unreg_res_node[4]~6                  ; |ALU|lpm_add_sub:Add1|addcore:adder|unreg_res_node[4]~6                       ; out0             ;
; |ALU|lpm_add_sub:Add1|addcore:adder|unreg_res_node[2]~8                  ; |ALU|lpm_add_sub:Add1|addcore:adder|unreg_res_node[2]~8                       ; out0             ;
; |ALU|lpm_add_sub:Add1|addcore:adder|unreg_res_node[1]~9                  ; |ALU|lpm_add_sub:Add1|addcore:adder|unreg_res_node[1]~9                       ; out0             ;
; |ALU|lpm_add_sub:Add1|addcore:adder|unreg_res_node[3]                    ; |ALU|lpm_add_sub:Add1|addcore:adder|unreg_res_node[3]                         ; out0             ;
; |ALU|lpm_add_sub:Add1|addcore:adder|unreg_res_node[1]                    ; |ALU|lpm_add_sub:Add1|addcore:adder|unreg_res_node[1]                         ; out0             ;
; |ALU|lpm_add_sub:Add1|addcore:adder|_~4                                  ; |ALU|lpm_add_sub:Add1|addcore:adder|_~4                                       ; out0             ;
; |ALU|lpm_add_sub:Add1|addcore:adder|_~5                                  ; |ALU|lpm_add_sub:Add1|addcore:adder|_~5                                       ; out0             ;
; |ALU|lpm_add_sub:Add1|addcore:adder|_~6                                  ; |ALU|lpm_add_sub:Add1|addcore:adder|_~6                                       ; out0             ;
; |ALU|lpm_add_sub:Add1|addcore:adder|_~7                                  ; |ALU|lpm_add_sub:Add1|addcore:adder|_~7                                       ; out0             ;
; |ALU|lpm_add_sub:Add1|addcore:adder|_~9                                  ; |ALU|lpm_add_sub:Add1|addcore:adder|_~9                                       ; out0             ;
; |ALU|lpm_add_sub:Add1|addcore:adder|_~10                                 ; |ALU|lpm_add_sub:Add1|addcore:adder|_~10                                      ; out0             ;
; |ALU|lpm_add_sub:Add1|addcore:adder|_~12                                 ; |ALU|lpm_add_sub:Add1|addcore:adder|_~12                                      ; out0             ;
; |ALU|lpm_add_sub:Add1|addcore:adder|_~13                                 ; |ALU|lpm_add_sub:Add1|addcore:adder|_~13                                      ; out0             ;
; |ALU|lpm_add_sub:Add1|addcore:adder|_~14                                 ; |ALU|lpm_add_sub:Add1|addcore:adder|_~14                                      ; out0             ;
; |ALU|lpm_add_sub:Add1|addcore:adder|_~16                                 ; |ALU|lpm_add_sub:Add1|addcore:adder|_~16                                      ; out0             ;
; |ALU|lpm_add_sub:Add1|addcore:adder|_~17                                 ; |ALU|lpm_add_sub:Add1|addcore:adder|_~17                                      ; out0             ;
; |ALU|lpm_add_sub:Add1|addcore:adder|_~18                                 ; |ALU|lpm_add_sub:Add1|addcore:adder|_~18                                      ; out0             ;
; |ALU|lpm_add_sub:Add1|addcore:adder|_~20                                 ; |ALU|lpm_add_sub:Add1|addcore:adder|_~20                                      ; out0             ;
; |ALU|lpm_add_sub:Add1|addcore:adder|_~21                                 ; |ALU|lpm_add_sub:Add1|addcore:adder|_~21                                      ; out0             ;
; |ALU|lpm_add_sub:Add1|addcore:adder|_~22                                 ; |ALU|lpm_add_sub:Add1|addcore:adder|_~22                                      ; out0             ;
; |ALU|lpm_add_sub:Add1|addcore:adder|_~26                                 ; |ALU|lpm_add_sub:Add1|addcore:adder|_~26                                      ; out0             ;
; |ALU|lpm_add_sub:Add1|addcore:adder|_~29                                 ; |ALU|lpm_add_sub:Add1|addcore:adder|_~29                                      ; out0             ;
; |ALU|lpm_add_sub:Add1|addcore:adder|_~30                                 ; |ALU|lpm_add_sub:Add1|addcore:adder|_~30                                      ; out0             ;
; |ALU|lpm_add_sub:Add1|addcore:adder|_~31                                 ; |ALU|lpm_add_sub:Add1|addcore:adder|_~31                                      ; out0             ;
; |ALU|lpm_add_sub:Add1|addcore:adder|_~36                                 ; |ALU|lpm_add_sub:Add1|addcore:adder|_~36                                      ; out0             ;
; |ALU|lpm_add_sub:Add1|addcore:adder|_~38                                 ; |ALU|lpm_add_sub:Add1|addcore:adder|_~38                                      ; out0             ;
; |ALU|lpm_add_sub:Add1|addcore:adder|_~39                                 ; |ALU|lpm_add_sub:Add1|addcore:adder|_~39                                      ; out0             ;
; |ALU|lpm_add_sub:Add1|addcore:adder|a_csnbuffer:result_node|cs_buffer[4] ; |ALU|lpm_add_sub:Add1|addcore:adder|a_csnbuffer:result_node|cs_buffer[4]~COUT ; cout             ;
; |ALU|lpm_add_sub:Add1|addcore:adder|a_csnbuffer:result_node|cs_buffer[3] ; |ALU|lpm_add_sub:Add1|addcore:adder|a_csnbuffer:result_node|cs_buffer[3]      ; sout             ;
; |ALU|lpm_add_sub:Add1|addcore:adder|a_csnbuffer:result_node|cs_buffer[2] ; |ALU|lpm_add_sub:Add1|addcore:adder|a_csnbuffer:result_node|cs_buffer[2]~COUT ; cout             ;
; |ALU|lpm_add_sub:Add1|addcore:adder|a_csnbuffer:result_node|cs_buffer[1] ; |ALU|lpm_add_sub:Add1|addcore:adder|a_csnbuffer:result_node|cs_buffer[1]~COUT ; cout             ;
; |ALU|lpm_add_sub:Add1|addcore:adder|a_csnbuffer:result_node|cs_buffer[1] ; |ALU|lpm_add_sub:Add1|addcore:adder|a_csnbuffer:result_node|cs_buffer[1]      ; sout             ;
; |ALU|lpm_add_sub:Add1|addcore:adder|a_csnbuffer:result_node|cs_buffer[0] ; |ALU|lpm_add_sub:Add1|addcore:adder|a_csnbuffer:result_node|cs_buffer[0]~COUT ; cout             ;
; |ALU|lpm_add_sub:Add0|result_node[0]                                     ; |ALU|lpm_add_sub:Add0|result_node[0]                                          ; out0             ;
; |ALU|lpm_add_sub:Add0|result_node[2]                                     ; |ALU|lpm_add_sub:Add0|result_node[2]                                          ; out0             ;
; |ALU|lpm_add_sub:Add0|result_node[5]                                     ; |ALU|lpm_add_sub:Add0|result_node[5]                                          ; out0             ;
; |ALU|lpm_add_sub:Add0|result_node[6]                                     ; |ALU|lpm_add_sub:Add0|result_node[6]                                          ; out0             ;
; |ALU|lpm_add_sub:Add0|result_node[8]                                     ; |ALU|lpm_add_sub:Add0|result_node[8]                                          ; out0             ;
; |ALU|lpm_add_sub:Add0|addcore:adder|datab_node[0]~0                      ; |ALU|lpm_add_sub:Add0|addcore:adder|datab_node[0]~0                           ; out0             ;
; |ALU|lpm_add_sub:Add0|addcore:adder|datab_node[0]                        ; |ALU|lpm_add_sub:Add0|addcore:adder|datab_node[0]                             ; out0             ;
; |ALU|lpm_add_sub:Add0|addcore:adder|unreg_res_node[0]~0                  ; |ALU|lpm_add_sub:Add0|addcore:adder|unreg_res_node[0]~0                       ; out0             ;
; |ALU|lpm_add_sub:Add0|addcore:adder|unreg_res_node[0]                    ; |ALU|lpm_add_sub:Add0|addcore:adder|unreg_res_node[0]                         ; out0             ;
; |ALU|lpm_add_sub:Add0|addcore:adder|_~0                                  ; |ALU|lpm_add_sub:Add0|addcore:adder|_~0                                       ; out0             ;
; |ALU|lpm_add_sub:Add0|addcore:adder|_~1                                  ; |ALU|lpm_add_sub:Add0|addcore:adder|_~1                                       ; out0             ;
; |ALU|lpm_add_sub:Add0|addcore:adder|_~2                                  ; |ALU|lpm_add_sub:Add0|addcore:adder|_~2                                       ; out0             ;
; |ALU|lpm_add_sub:Add0|addcore:adder|_~3                                  ; |ALU|lpm_add_sub:Add0|addcore:adder|_~3                                       ; out0             ;
; |ALU|lpm_add_sub:Add0|addcore:adder|datab_node[8]~1                      ; |ALU|lpm_add_sub:Add0|addcore:adder|datab_node[8]~1                           ; out0             ;
; |ALU|lpm_add_sub:Add0|addcore:adder|datab_node[8]                        ; |ALU|lpm_add_sub:Add0|addcore:adder|datab_node[8]                             ; out0             ;
; |ALU|lpm_add_sub:Add0|addcore:adder|datab_node[7]                        ; |ALU|lpm_add_sub:Add0|addcore:adder|datab_node[7]                             ; out0             ;
; |ALU|lpm_add_sub:Add0|addcore:adder|datab_node[6]                        ; |ALU|lpm_add_sub:Add0|addcore:adder|datab_node[6]                             ; out0             ;
; |ALU|lpm_add_sub:Add0|addcore:adder|datab_node[5]                        ; |ALU|lpm_add_sub:Add0|addcore:adder|datab_node[5]                             ; out0             ;
; |ALU|lpm_add_sub:Add0|addcore:adder|datab_node[3]                        ; |ALU|lpm_add_sub:Add0|addcore:adder|datab_node[3]                             ; out0             ;
; |ALU|lpm_add_sub:Add0|addcore:adder|datab_node[2]                        ; |ALU|lpm_add_sub:Add0|addcore:adder|datab_node[2]                             ; out0             ;
; |ALU|lpm_add_sub:Add0|addcore:adder|unreg_res_node[8]~1                  ; |ALU|lpm_add_sub:Add0|addcore:adder|unreg_res_node[8]~1                       ; out0             ;
; |ALU|lpm_add_sub:Add0|addcore:adder|unreg_res_node[6]~3                  ; |ALU|lpm_add_sub:Add0|addcore:adder|unreg_res_node[6]~3                       ; out0             ;
; |ALU|lpm_add_sub:Add0|addcore:adder|unreg_res_node[5]~4                  ; |ALU|lpm_add_sub:Add0|addcore:adder|unreg_res_node[5]~4                       ; out0             ;
; |ALU|lpm_add_sub:Add0|addcore:adder|unreg_res_node[2]~7                  ; |ALU|lpm_add_sub:Add0|addcore:adder|unreg_res_node[2]~7                       ; out0             ;
; |ALU|lpm_add_sub:Add0|addcore:adder|unreg_res_node[8]                    ; |ALU|lpm_add_sub:Add0|addcore:adder|unreg_res_node[8]                         ; out0             ;
; |ALU|lpm_add_sub:Add0|addcore:adder|unreg_res_node[6]                    ; |ALU|lpm_add_sub:Add0|addcore:adder|unreg_res_node[6]                         ; out0             ;
; |ALU|lpm_add_sub:Add0|addcore:adder|unreg_res_node[5]                    ; |ALU|lpm_add_sub:Add0|addcore:adder|unreg_res_node[5]                         ; out0             ;
; |ALU|lpm_add_sub:Add0|addcore:adder|unreg_res_node[2]                    ; |ALU|lpm_add_sub:Add0|addcore:adder|unreg_res_node[2]                         ; out0             ;
; |ALU|lpm_add_sub:Add0|addcore:adder|_~4                                  ; |ALU|lpm_add_sub:Add0|addcore:adder|_~4                                       ; out0             ;
; |ALU|lpm_add_sub:Add0|addcore:adder|_~5                                  ; |ALU|lpm_add_sub:Add0|addcore:adder|_~5                                       ; out0             ;
; |ALU|lpm_add_sub:Add0|addcore:adder|_~6                                  ; |ALU|lpm_add_sub:Add0|addcore:adder|_~6                                       ; out0             ;
; |ALU|lpm_add_sub:Add0|addcore:adder|_~7                                  ; |ALU|lpm_add_sub:Add0|addcore:adder|_~7                                       ; out0             ;
; |ALU|lpm_add_sub:Add0|addcore:adder|_~8                                  ; |ALU|lpm_add_sub:Add0|addcore:adder|_~8                                       ; out0             ;
; |ALU|lpm_add_sub:Add0|addcore:adder|_~9                                  ; |ALU|lpm_add_sub:Add0|addcore:adder|_~9                                       ; out0             ;
; |ALU|lpm_add_sub:Add0|addcore:adder|_~10                                 ; |ALU|lpm_add_sub:Add0|addcore:adder|_~10                                      ; out0             ;
; |ALU|lpm_add_sub:Add0|addcore:adder|_~11                                 ; |ALU|lpm_add_sub:Add0|addcore:adder|_~11                                      ; out0             ;
; |ALU|lpm_add_sub:Add0|addcore:adder|_~12                                 ; |ALU|lpm_add_sub:Add0|addcore:adder|_~12                                      ; out0             ;
; |ALU|lpm_add_sub:Add0|addcore:adder|_~14                                 ; |ALU|lpm_add_sub:Add0|addcore:adder|_~14                                      ; out0             ;
; |ALU|lpm_add_sub:Add0|addcore:adder|_~15                                 ; |ALU|lpm_add_sub:Add0|addcore:adder|_~15                                      ; out0             ;
; |ALU|lpm_add_sub:Add0|addcore:adder|_~18                                 ; |ALU|lpm_add_sub:Add0|addcore:adder|_~18                                      ; out0             ;
; |ALU|lpm_add_sub:Add0|addcore:adder|_~20                                 ; |ALU|lpm_add_sub:Add0|addcore:adder|_~20                                      ; out0             ;
; |ALU|lpm_add_sub:Add0|addcore:adder|_~21                                 ; |ALU|lpm_add_sub:Add0|addcore:adder|_~21                                      ; out0             ;
; |ALU|lpm_add_sub:Add0|addcore:adder|_~22                                 ; |ALU|lpm_add_sub:Add0|addcore:adder|_~22                                      ; out0             ;
; |ALU|lpm_add_sub:Add0|addcore:adder|_~23                                 ; |ALU|lpm_add_sub:Add0|addcore:adder|_~23                                      ; out0             ;
; |ALU|lpm_add_sub:Add0|addcore:adder|_~24                                 ; |ALU|lpm_add_sub:Add0|addcore:adder|_~24                                      ; out0             ;
; |ALU|lpm_add_sub:Add0|addcore:adder|_~25                                 ; |ALU|lpm_add_sub:Add0|addcore:adder|_~25                                      ; out0             ;
; |ALU|lpm_add_sub:Add0|addcore:adder|_~26                                 ; |ALU|lpm_add_sub:Add0|addcore:adder|_~26                                      ; out0             ;
; |ALU|lpm_add_sub:Add0|addcore:adder|_~27                                 ; |ALU|lpm_add_sub:Add0|addcore:adder|_~27                                      ; out0             ;
; |ALU|lpm_add_sub:Add0|addcore:adder|_~28                                 ; |ALU|lpm_add_sub:Add0|addcore:adder|_~28                                      ; out0             ;
; |ALU|lpm_add_sub:Add0|addcore:adder|_~29                                 ; |ALU|lpm_add_sub:Add0|addcore:adder|_~29                                      ; out0             ;
; |ALU|lpm_add_sub:Add0|addcore:adder|_~30                                 ; |ALU|lpm_add_sub:Add0|addcore:adder|_~30                                      ; out0             ;
; |ALU|lpm_add_sub:Add0|addcore:adder|_~31                                 ; |ALU|lpm_add_sub:Add0|addcore:adder|_~31                                      ; out0             ;
; |ALU|lpm_add_sub:Add0|addcore:adder|_~32                                 ; |ALU|lpm_add_sub:Add0|addcore:adder|_~32                                      ; out0             ;
; |ALU|lpm_add_sub:Add0|addcore:adder|_~33                                 ; |ALU|lpm_add_sub:Add0|addcore:adder|_~33                                      ; out0             ;
; |ALU|lpm_add_sub:Add0|addcore:adder|_~34                                 ; |ALU|lpm_add_sub:Add0|addcore:adder|_~34                                      ; out0             ;
; |ALU|lpm_add_sub:Add0|addcore:adder|_~35                                 ; |ALU|lpm_add_sub:Add0|addcore:adder|_~35                                      ; out0             ;
; |ALU|lpm_add_sub:Add0|addcore:adder|a_csnbuffer:result_node|cs_buffer[8] ; |ALU|lpm_add_sub:Add0|addcore:adder|a_csnbuffer:result_node|cs_buffer[8]      ; sout             ;
; |ALU|lpm_add_sub:Add0|addcore:adder|a_csnbuffer:result_node|cs_buffer[7] ; |ALU|lpm_add_sub:Add0|addcore:adder|a_csnbuffer:result_node|cs_buffer[7]~COUT ; cout             ;
; |ALU|lpm_add_sub:Add0|addcore:adder|a_csnbuffer:result_node|cs_buffer[6] ; |ALU|lpm_add_sub:Add0|addcore:adder|a_csnbuffer:result_node|cs_buffer[6]~COUT ; cout             ;
; |ALU|lpm_add_sub:Add0|addcore:adder|a_csnbuffer:result_node|cs_buffer[6] ; |ALU|lpm_add_sub:Add0|addcore:adder|a_csnbuffer:result_node|cs_buffer[6]      ; sout             ;
; |ALU|lpm_add_sub:Add0|addcore:adder|a_csnbuffer:result_node|cs_buffer[5] ; |ALU|lpm_add_sub:Add0|addcore:adder|a_csnbuffer:result_node|cs_buffer[5]~COUT ; cout             ;
; |ALU|lpm_add_sub:Add0|addcore:adder|a_csnbuffer:result_node|cs_buffer[5] ; |ALU|lpm_add_sub:Add0|addcore:adder|a_csnbuffer:result_node|cs_buffer[5]      ; sout             ;
; |ALU|lpm_add_sub:Add0|addcore:adder|a_csnbuffer:result_node|cs_buffer[4] ; |ALU|lpm_add_sub:Add0|addcore:adder|a_csnbuffer:result_node|cs_buffer[4]~COUT ; cout             ;
; |ALU|lpm_add_sub:Add0|addcore:adder|a_csnbuffer:result_node|cs_buffer[3] ; |ALU|lpm_add_sub:Add0|addcore:adder|a_csnbuffer:result_node|cs_buffer[3]~COUT ; cout             ;
; |ALU|lpm_add_sub:Add0|addcore:adder|a_csnbuffer:result_node|cs_buffer[2] ; |ALU|lpm_add_sub:Add0|addcore:adder|a_csnbuffer:result_node|cs_buffer[2]~COUT ; cout             ;
; |ALU|lpm_add_sub:Add0|addcore:adder|a_csnbuffer:result_node|cs_buffer[2] ; |ALU|lpm_add_sub:Add0|addcore:adder|a_csnbuffer:result_node|cs_buffer[2]      ; sout             ;
; |ALU|lpm_add_sub:Add0|addcore:adder|a_csnbuffer:result_node|cs_buffer[1] ; |ALU|lpm_add_sub:Add0|addcore:adder|a_csnbuffer:result_node|cs_buffer[1]~COUT ; cout             ;
; |ALU|lpm_add_sub:Add0|addcore:adder|a_csnbuffer:result_node|cs_buffer[0] ; |ALU|lpm_add_sub:Add0|addcore:adder|a_csnbuffer:result_node|cs_buffer[0]~COUT ; cout             ;
; |ALU|lpm_add_sub:Add0|addcore:adder|a_csnbuffer:result_node|cs_buffer[0] ; |ALU|lpm_add_sub:Add0|addcore:adder|a_csnbuffer:result_node|cs_buffer[0]      ; sout             ;
+--------------------------------------------------------------------------+-------------------------------------------------------------------------------+------------------+


+---------------------+
; Simulator INI Usage ;
+--------+------------+
; Option ; Usage      ;
+--------+------------+


+--------------------+
; Simulator Messages ;
+--------------------+
Info: *******************************************************************
Info: Running Quartus II Simulator
    Info: Version 9.0 Build 184 04/29/2009 Service Pack 1 SJ Web Edition
    Info: Processing started: Thu Nov 17 00:15:45 2022
Info: Command: quartus_sim --read_settings_files=on --write_settings_files=off ALU -c ALU
Info: Using vector source file "E:///2/ALU+202107030125+/ALU/ALU.vwf"
Info: Option to preserve fewer signal transitions to reduce memory requirements is enabled
    Info: Simulation has been partitioned into sub-simulations according to the maximum transition count determined by the engine. Transitions from memory will be flushed out to disk at the end of each sub-simulation to reduce memory requirements.
Info: Simulation partitioned into 1 sub-simulations
Info: Simulation coverage is      32.46 %
Info: Number of transitions in simulation is 498
Info: Quartus II Simulator was successful. 0 errors, 0 warnings
    Info: Peak virtual memory: 156 megabytes
    Info: Processing ended: Thu Nov 17 00:15:45 2022
    Info: Elapsed time: 00:00:00
    Info: Total CPU time (on all processors): 00:00:00


