C51 COMPILER V9.60.7.0   ADSENSOR                                                          10/25/2023 19:58:24 PAGE 1   


C51 COMPILER V9.60.7.0, COMPILATION OF MODULE ADSENSOR
OBJECT MODULE PLACED IN .\Objects\adsensor.obj
COMPILER INVOKED BY: D:\Keil_v5\C51\BIN\C51.EXE src\adsensor.c LARGE OMF2 OPTIMIZE(0,SPEED) BROWSE DEBUG PRINT(.\Listing
                    -s\adsensor.lst) TABS(2) OBJECT(.\Objects\adsensor.obj)

line level    source

   1          #include "adsensor.h"
   2          
   3          XDATA u8 adc_initialized = 0;
   4          void adc_init()
   5          {
   6   1          if(adc_initialized)
   7   1              return;
   8   1      
   9   1          /*
  10   1          Initalize ADC:
  11   1              P1.2 for HALL sensor
  12   1              P1.3 for Temperature sensor
  13   1              P1.4 for Light sensor
  14   1              P1.7 for Button3 and Navigation Button
  15   1          */
  16   1          P1ASF = ADC_P12 | ADC_P13 | ADC_P14 | ADC_P17;
  17   1      
  18   1          ADC_CONTR |= 0x80; //Power On
  19   1          ADC_CONTR = (ADC_CONTR & ~ADC_90T) | ADC_90T; //Speed select
  20   1          PCON2 &= ~(1<<5); //result byte order: high->ADC_RES
  21   1          EADC = 0; //use polling, no interrupt
  22   1      
  23   1          adc_initialized = 1;
  24   1      }
  25          
  26          u8 adc_read(u8 channel) //u8
  27          {
  28   1          XDATA u8 timeout;
  29   1        ADC_RES = 0;
  30   1      
  31   1        ADC_CONTR = (ADC_CONTR & 0xe0) | ADC_START | channel; //select channel
  32   1        NOP(4);
  33   1      
  34   1          //poll
  35   1        for(timeout=0; timeout<250; timeout++)  
  36   1        {
  37   2          if(ADC_CONTR & ADC_FLAG)
  38   2          {
  39   3            ADC_CONTR &= ~ADC_FLAG;
  40   3            return ADC_RES;
  41   3          }
  42   2        }
  43   1      
  44   1          return 0;
  45   1      }


MODULE INFORMATION:   STATIC OVERLAYABLE
   CODE SIZE        =     92    ----
   CONSTANT SIZE    =   ----    ----
   XDATA SIZE       =      3    ----
   PDATA SIZE       =   ----    ----
   DATA SIZE        =   ----    ----
   IDATA SIZE       =   ----    ----
C51 COMPILER V9.60.7.0   ADSENSOR                                                          10/25/2023 19:58:24 PAGE 2   

   BIT SIZE         =   ----    ----
   EDATA SIZE       =   ----    ----
   HDATA SIZE       =   ----    ----
   XDATA CONST SIZE =   ----    ----
   FAR CONST SIZE   =   ----    ----
END OF MODULE INFORMATION.


C51 COMPILATION COMPLETE.  0 WARNING(S),  0 ERROR(S)
