C51 COMPILER V9.60.7.0   BUTTON                                                            10/25/2023 19:58:24 PAGE 1   


C51 COMPILER V9.60.7.0, COMPILATION OF MODULE BUTTON
OBJECT MODULE PLACED IN .\Objects\button.obj
COMPILER INVOKED BY: D:\Keil_v5\C51\BIN\C51.EXE src\button.c LARGE OMF2 OPTIMIZE(0,SPEED) BROWSE DEBUG PRINT(.\Listings\
                    -button.lst) TABS(2) OBJECT(.\Objects\button.obj)

line level    source

   1          #include "button.h"
   2          
   3          XDATA u8 __nav_btn3_state = 0xff;
   4          XDATA u8 btnstate_posedge   =0;
   5          XDATA u8 btnstate_negedge   =0;
   6          XDATA u8 last_btn_states[BTN_DENOISE_LEVEL];
   7          
   8          void buttons_init()
   9          {
  10   1          //Initialize ADC for Nav and Button3
  11   1          adc_init();
  12   1      
  13   1          //Set Button1 and Button2 pin to Weak Pullup (M1 = 0, M0 = 0)
  14   1          P3M1 &= 0xF3;   // 1111 0011
  15   1          P3M0 &= 0xF3;   // 1111 0011
  16   1      
  17   1          //Set P17 to Weak Pullup (M1 = 0, M0 = 0)
  18   1          //P17 Pullup -> Key3 -> Nav Button(different resistance) -> GND
  19   1          P1M1 &= 0x7F; // 0111 1111
  20   1          P1M0 &= 0x7F; // 0111 1111
  21   1      }
  22          
  23          void update_button_state()
  24          {
  25   1          XDATA u8 i; //Only use this function in timer0 isr. this variable prevents reentrancy.
  26   1          
  27   1          btnstate_posedge = btnstate_negedge = 0;
  28   1          
  29   1          //rotate previous button states. older one replaced by newer one.
  30   1          for(i = BTN_DENOISE_LEVEL-1; i>=1; i--)
  31   1            last_btn_states[i] = last_btn_states[i-1];  
  32   1          
  33   1          //update current button state, and cauculate bit flags
  34   1          update_nav_btn3_state();
  35   1          last_btn_states[0]  = 0;
  36   1          last_btn_states[0] |= BUTTON1       ?BTNSTATE_B1    :0;
  37   1          last_btn_states[0] |= BUTTON2       ?BTNSTATE_B2    :0;
  38   1          last_btn_states[0] |= IS_BTN3_PUSH  ?BTNSTATE_B3    :0;
  39   1          last_btn_states[0] |= IS_NAV_LEFT   ?BTNSTATE_LEFT  :0;
  40   1          last_btn_states[0] |= IS_NAV_RIGHT  ?BTNSTATE_RIGHT :0;
  41   1          last_btn_states[0] |= IS_NAV_UP     ?BTNSTATE_UP    :0;
  42   1          last_btn_states[0] |= IS_NAV_DOWN   ?BTNSTATE_DOWN  :0;
  43   1          last_btn_states[0] |= IS_NAV_PUSH  ?BTNSTATE_PUSH  :0;
  44   1      
  45   1          //check new state hold
  46   1          for(i=0;i<BTN_DENOISE_LEVEL-1;i++)
  47   1          {
  48   2              if(last_btn_states[i] != last_btn_states[0])
  49   2                return;
  50   2          }
  51   1          
  52   1          //different from old states, and currently set -> posedge
  53   1          btnstate_posedge = (last_btn_states[0] ^ last_btn_states[BTN_DENOISE_LEVEL-1]) & (last_btn_states[0]);  
             - 
C51 COMPILER V9.60.7.0   BUTTON                                                            10/25/2023 19:58:24 PAGE 2   

  54   1      
  55   1          //different from old states, and previously set -> negedge
  56   1          btnstate_negedge = (last_btn_states[0] ^ last_btn_states[BTN_DENOISE_LEVEL-1]) & (last_btn_states[BTN_DE
             -NOISE_LEVEL-1]);
  57   1      }


MODULE INFORMATION:   STATIC OVERLAYABLE
   CODE SIZE        =    388    ----
   CONSTANT SIZE    =   ----    ----
   XDATA SIZE       =     24    ----
   PDATA SIZE       =   ----    ----
   DATA SIZE        =   ----    ----
   IDATA SIZE       =   ----    ----
   BIT SIZE         =   ----    ----
   EDATA SIZE       =   ----    ----
   HDATA SIZE       =   ----    ----
   XDATA CONST SIZE =   ----    ----
   FAR CONST SIZE   =   ----    ----
END OF MODULE INFORMATION.


C51 COMPILATION COMPLETE.  0 WARNING(S),  0 ERROR(S)
