C51 COMPILER V9.60.7.0   SPIN                                                              10/25/2023 19:58:24 PAGE 1   


C51 COMPILER V9.60.7.0, COMPILATION OF MODULE SPIN
OBJECT MODULE PLACED IN .\Objects\spin.obj
COMPILER INVOKED BY: D:\Keil_v5\C51\BIN\C51.EXE src\spin.c LARGE OMF2 OPTIMIZE(0,SPEED) BROWSE DEBUG PRINT(.\Listings\sp
                    -in.lst) TABS(2) OBJECT(.\Objects\spin.obj)

line level    source

   1          #include "spin.h"
   2          
   3          void spin()
   4          {
   5   1        while(1)
   6   1        {
   7   2        }
   8   1      }


MODULE INFORMATION:   STATIC OVERLAYABLE
   CODE SIZE        =      3    ----
   CONSTANT SIZE    =   ----    ----
   XDATA SIZE       =   ----    ----
   PDATA SIZE       =   ----    ----
   DATA SIZE        =   ----    ----
   IDATA SIZE       =   ----    ----
   BIT SIZE         =   ----    ----
   EDATA SIZE       =   ----    ----
   HDATA SIZE       =   ----    ----
   XDATA CONST SIZE =   ----    ----
   FAR CONST SIZE   =   ----    ----
END OF MODULE INFORMATION.


C51 COMPILATION COMPLETE.  0 WARNING(S),  0 ERROR(S)
