AX51 MACRO ASSEMBLER  TIMER0_ISR                                                            10/25/23 19:58:25 PAGE     1


MACRO ASSEMBLER AX51 V3.15.3.0
OBJECT MODULE PLACED IN .\Objects\timer0_isr.obj
ASSEMBLER INVOKED BY: D:\Keil_v5\C51\BIN\AX51.EXE src\timer0_isr.a51 SET(LARGE) DEBUG PRINT(.\Listings\timer0_isr.lst) O
                      BJECT(.\Objects\timer0_isr.obj) EP

LOC    OBJ             LINE     SOURCE

                          1     ;#include "stc15fxxxx.inc"
                    +1    2     
                    +1    3     
                    +1    4     
  0080              +1    5     sfr P0   = 0x80;
  0081              +1    6     sfr SP   = 0x81;
  0082              +1    7     sfr DPL  = 0x82;
  0083              +1    8     sfr DPH  = 0x83;
  0084              +1    9     sfr     S4CON = 0x84;
  0085              +1   10     sfr     S4BUF = 0x85;
  0087              +1   11     sfr PCON = 0x87;
                    +1   12     
  0088              +1   13     sfr TCON = 0x88;
  0089              +1   14     sfr TMOD = 0x89;
  008A              +1   15     sfr TL0  = 0x8A;
  008B              +1   16     sfr TL1  = 0x8B;
  008C              +1   17     sfr TH0  = 0x8C;
  008D              +1   18     sfr TH1  = 0x8D;
  008E              +1   19     sfr     AUXR = 0x8E;
  008F              +1   20     sfr WAKE_CLKO = 0x8F;
  008F              +1   21     sfr INT_CLKO = 0x8F;
  008F              +1   22     sfr     AUXR2    = 0x8F;
                    +1   23     
  008A              +1   24     sfr RL_TL0  = 0x8A;
  008B              +1   25     sfr RL_TL1  = 0x8B;
  008C              +1   26     sfr RL_TH0  = 0x8C;
  008D              +1   27     sfr RL_TH1  = 0x8D;
                    +1   28     
                    +1   29     
  0090              +1   30     sfr P1   = 0x90;
  0091              +1   31     sfr P1M1 = 0x91;        //P1M1.n,P1M0.n         =00--->Standard,        01--->push-pull 
                                       ÂÆûÈôÖ‰∏ä1TÁöÑÈÉΩ‰∏ÄÊ†∑
  0092              +1   32     sfr P1M0 = 0x92;        //                                      =10--->pure input,      
                               11--->open drain
  0093              +1   33     sfr P0M1 = 0x93;        //P0M1.n,P0M0.n         =00--->Standard,        01--->push-pull
  0094              +1   34     sfr P0M0 = 0x94;        //                                      =10--->pure input,      
                               11--->open drain
  0095              +1   35     sfr P2M1 = 0x95;        //P2M1.n,P2M0.n         =00--->Standard,        01--->push-pull
  0096              +1   36     sfr P2M0 = 0x96;        //                                      =10--->pure input,      
                               11--->open drain
  0097              +1   37     sfr CLK_DIV = 0x97;
  0097              +1   38     sfr PCON2   = 0x97;
                    +1   39     
  0098              +1   40     sfr SCON  = 0x98;
  0099              +1   41     sfr SBUF  = 0x99;
  009A              +1   42     sfr S2CON = 0x9A;       //
  009B              +1   43     sfr S2BUF = 0x9B;       //
  009D              +1   44     sfr P1ASF = 0x9D;       //Âè™ÂÜôÔºåÊ®°ÊãüËæìÂÖ•(ADÊàñLVD)ÈÄâÊã©
                    +1   45     
  00A0              +1   46     sfr P2    = 0xA0;
  00A1              +1   47     sfr BUS_SPEED = 0xA1;
  00A2              +1   48     sfr AUXR1 = 0xA2;
  00A2              +1   49     sfr P_SW1 = 0xA2;
                    +1   50     
  00A8              +1   51     sfr IE    = 0xA8;
  00A9              +1   52     sfr SADDR = 0xA9;
  00AA              +1   53     sfr WKTCL = 0xAA;       //Âî§ÈÜíÂÆöÊó∂Âô®‰ΩéÂ≠óËäÇ
AX51 MACRO ASSEMBLER  TIMER0_ISR                                                            10/25/23 19:58:25 PAGE     2

  00AB              +1   54     sfr WKTCH = 0xAB;       //Âî§ÈÜíÂÆöÊó∂Âô®È´òÂ≠óËäÇ
  00AC              +1   55     sfr     S3CON = 0xAC;
  00AD              +1   56     sfr S3BUF = 0xAD;
  00AF              +1   57     sfr IE2   = 0xAF;       //STC12C5A60S2Á≥ªÂàó
                    +1   58     
  00B0              +1   59     sfr P3    = 0xB0;
  00B1              +1   60     sfr P3M1  = 0xB1;       //P3M1.n,P3M0.n         =00--->Standard,        01--->push-pull
  00B2              +1   61     sfr P3M0  = 0xB2;       //                                      =10--->pure input,      
                               11--->open drain
  00B3              +1   62     sfr P4M1  = 0xB3;       //P4M1.n,P4M0.n         =00--->Standard,        01--->push-pull
  00B4              +1   63     sfr P4M0  = 0xB4;       //                                      =10--->pure input,      
                               11--->open drain
  00B5              +1   64     sfr IP2   = 0xB5;       //STC12C5A60S2Á≥ªÂàó
  00B6              +1   65     sfr IPH2  = 0xB6;       //STC12C5A60S2Á≥ªÂàó
  00B7              +1   66     sfr IPH   = 0xB7;
                    +1   67     
  00B8              +1   68     sfr IP        = 0xB8;
  00B9              +1   69     sfr SADEN     = 0xB9;
  00BA              +1   70     sfr     P_SW2     = 0xBA;
  00BC              +1   71     sfr ADC_CONTR = 0xBC;   //Â∏¶ADÁ≥ªÂàó
  00BD              +1   72     sfr ADC_RES   = 0xBD;   //Â∏¶ADÁ≥ªÂàó
  00BE              +1   73     sfr ADC_RESL  = 0xBE;   //Â∏¶ADÁ≥ªÂàó
                    +1   74     
  00C0              +1   75     sfr P4        = 0xC0;
  00C1              +1   76     sfr WDT_CONTR = 0xC1;
  00C2              +1   77     sfr IAP_DATA  = 0xC2;
  00C3              +1   78     sfr IAP_ADDRH = 0xC3;
  00C4              +1   79     sfr IAP_ADDRL = 0xC4;
  00C5              +1   80     sfr IAP_CMD   = 0xC5;
  00C6              +1   81     sfr IAP_TRIG  = 0xC6;
  00C7              +1   82     sfr IAP_CONTR = 0xC7;
                    +1   83     
  00C2              +1   84     sfr ISP_DATA  = 0xC2;
  00C3              +1   85     sfr ISP_ADDRH = 0xC3;
  00C4              +1   86     sfr ISP_ADDRL = 0xC4;
  00C5              +1   87     sfr ISP_CMD   = 0xC5;
  00C6              +1   88     sfr ISP_TRIG  = 0xC6;
  00C7              +1   89     sfr ISP_CONTR = 0xC7;
                    +1   90     
  00C8              +1   91     sfr P5     = 0xC8;      //
  00C9              +1   92     sfr P5M1   = 0xC9;      //      P5M1.n,P5M0.n   =00--->Standard,        01--->push-pull
  00CA              +1   93     sfr P5M0   = 0xCA;      //                                      =10--->pure input,      
                               11--->open drain
  00CB              +1   94     sfr P6M1   = 0xCB;      //      P5M1.n,P5M0.n   =00--->Standard,        01--->push-pull
  00CC              +1   95     sfr P6M0   = 0xCC;      //                                      =10--->pure input,      
                               11--->open drain
  00CD              +1   96     sfr SPSTAT = 0xCD;      //
  00CE              +1   97     sfr SPCTL  = 0xCE;      //
  00CF              +1   98     sfr SPDAT  = 0xCF;      //
                    +1   99     
  00D0              +1  100     sfr PSW  = 0xD0;
  00D1              +1  101     sfr     T4T3M = 0xD1;
  00D2              +1  102     sfr     T4H  = 0xD2;
  00D3              +1  103     sfr     T4L  = 0xD3;
  00D4              +1  104     sfr     T3H  = 0xD4;
  00D5              +1  105     sfr     T3L  = 0xD5;
  00D6              +1  106     sfr     T2H  = 0xD6;
  00D7              +1  107     sfr     T2L  = 0xD7;
                    +1  108     
  00D2              +1  109     sfr     TH4  = 0xD2;
  00D3              +1  110     sfr     TL4  = 0xD3;
  00D4              +1  111     sfr     TH3  = 0xD4;
  00D5              +1  112     sfr     TL3  = 0xD5;
  00D6              +1  113     sfr     TH2  = 0xD6;
  00D7              +1  114     sfr     TL2  = 0xD7;
                    +1  115     
AX51 MACRO ASSEMBLER  TIMER0_ISR                                                            10/25/23 19:58:25 PAGE     3

  00D2              +1  116     sfr     RL_T4H  = 0xD2;
  00D3              +1  117     sfr     RL_T4L  = 0xD3;
  00D4              +1  118     sfr     RL_T3H  = 0xD4;
  00D5              +1  119     sfr     RL_T3L  = 0xD5;
  00D6              +1  120     sfr     RL_T2H  = 0xD6;
  00D7              +1  121     sfr     RL_T2L  = 0xD7;
                    +1  122     
  00D8              +1  123     sfr CCON = 0xD8;        //
  00D9              +1  124     sfr CMOD = 0xD9;        //
  00DA              +1  125     sfr CCAPM0 = 0xDA;      //PCAÊ®°Âùó0ÁöÑÂ∑•‰ΩúÊ®°ÂºèÂØÑÂ≠òÂô®„ÄÇ
  00DB              +1  126     sfr CCAPM1 = 0xDB;      //PCAÊ®°Âùó1ÁöÑÂ∑•‰ΩúÊ®°ÂºèÂØÑÂ≠òÂô®„ÄÇ
  00DC              +1  127     sfr CCAPM2 = 0xDC;      //PCAÊ®°Âùó2ÁöÑÂ∑•‰ΩúÊ®°ÂºèÂØÑÂ≠òÂô®„ÄÇ
                    +1  128     
  00E0              +1  129     sfr ACC    = 0xE0;
  00E1              +1  130     sfr     P7M1   = 0xE1;
  00E2              +1  131     sfr     P7M0   = 0xE2;
                    +1  132     
  00E8              +1  133     sfr     P6     = 0xE8;
  00E9              +1  134     sfr CL     = 0xE9;      //
  00EA              +1  135     sfr CCAP0L = 0xEA;      //PCAÊ®°Âùó0ÁöÑÊçïÊçâ/ÊØîËæÉÂØÑÂ≠òÂô®‰Ωé8‰Ωç„ÄÇ
  00EB              +1  136     sfr CCAP1L = 0xEB;      //PCAÊ®°Âùó1ÁöÑÊçïÊçâ/ÊØîËæÉÂØÑÂ≠òÂô®‰Ωé8‰Ωç„ÄÇ
  00EC              +1  137     sfr CCAP2L = 0xEC;      //PCAÊ®°Âùó2ÁöÑÊçïÊçâ/ÊØîËæÉÂØÑÂ≠òÂô®‰Ωé8‰Ωç„ÄÇ
                    +1  138     
  00F0              +1  139     sfr B      = 0xF0;
  00F2              +1  140     sfr PCA_PWM0 = 0xF2;    //PCAÊ®°Âùó0 PWMÂØÑÂ≠òÂô®„ÄÇ
  00F3              +1  141     sfr PCA_PWM1 = 0xF3;    //PCAÊ®°Âùó1 PWMÂØÑÂ≠òÂô®„ÄÇ
  00F4              +1  142     sfr PCA_PWM2 = 0xF4;    //PCAÊ®°Âùó2 PWMÂØÑÂ≠òÂô®„ÄÇ
                    +1  143     
  00F8              +1  144     sfr     P7     = 0xF8;
  00F9              +1  145     sfr CH     = 0xF9;
  00FA              +1  146     sfr CCAP0H = 0xFA;              //PCAÊ®°Âùó0ÁöÑÊçïÊçâ/ÊØîËæÉÂØÑÂ≠òÂô®È´ò8‰Ωç„ÄÇ
  00FB              +1  147     sfr CCAP1H = 0xFB;              //PCAÊ®°Âùó1ÁöÑÊçïÊçâ/ÊØîËæÉÂØÑÂ≠òÂô®È´ò8‰Ωç„ÄÇ
  00FC              +1  148     sfr CCAP2H = 0xFC;              //PCAÊ®°Âùó2ÁöÑÊçïÊçâ/ÊØîËæÉÂØÑÂ≠òÂô®È´ò8‰Ωç„ÄÇ
                    +1  149     
00D0.7              +1  150     sbit CY   = PSW^7;
00D0.6              +1  151     sbit AC   = PSW^6;
00D0.5              +1  152     sbit F0   = PSW^5;
00D0.4              +1  153     sbit RS1  = PSW^4;
00D0.3              +1  154     sbit RS0  = PSW^3;
00D0.2              +1  155     sbit OV   = PSW^2;
00D0.1              +1  156     sbit F1   = PSW^1;
00D0.0              +1  157     sbit P    = PSW^0;
                    +1  158     
0088.7              +1  159     sbit TF1  = TCON^7;     //ÂÆöÊó∂Âô®1Ê∫¢Âá∫‰∏≠Êñ≠Ê†áÂøó‰Ωç
0088.6              +1  160     sbit TR1  = TCON^6;     //ÂÆöÊó∂Âô®1ËøêË°åÊéßÂà∂‰Ωç
0088.5              +1  161     sbit TF0  = TCON^5;     //ÂÆöÊó∂Âô®0Ê∫¢Âá∫‰∏≠Êñ≠Ê†áÂøó‰Ωç
0088.4              +1  162     sbit TR0  = TCON^4;     //ÂÆöÊó∂Âô®0ËøêË°åÊéßÂà∂‰Ωç
0088.3              +1  163     sbit IE1  = TCON^3;     //Â§ñ‰∏≠Êñ≠1Ê†áÂøó‰Ωç
0088.2              +1  164     sbit IT1  = TCON^2;     //Â§ñ‰∏≠Êñ≠1‰ø°Âè∑ÊñπÂºèÊéßÂà∂‰ΩçÔºå1Ôºö‰∏ãÈôçÊ≤ø‰∏≠Êñ≠Ôºå0Ôºö‰∏
                               äÂçá‰∏ãÈôçÂùá‰∏≠Êñ≠„ÄÇ
0088.1              +1  165     sbit IE0  = TCON^1;     //Â§ñ‰∏≠Êñ≠0Ê†áÂøó‰Ωç
0088.0              +1  166     sbit IT0  = TCON^0;     //Â§ñ‰∏≠Êñ≠0‰ø°Âè∑ÊñπÂºèÊéßÂà∂‰ΩçÔºå1Ôºö‰∏ãÈôçÊ≤ø‰∏≠Êñ≠Ôºå0Ôºö‰∏
                               äÂçá‰∏ãÈôçÂùá‰∏≠Êñ≠„ÄÇ
                    +1  167     
                    +1  168     
0080.0              +1  169     sbit  P00 = P0^0;
0080.1              +1  170     sbit  P01 = P0^1;
0080.2              +1  171     sbit  P02 = P0^2;
0080.3              +1  172     sbit  P03 = P0^3;
0080.4              +1  173     sbit  P04 = P0^4;
0080.5              +1  174     sbit  P05 = P0^5;
0080.6              +1  175     sbit  P06 = P0^6;
0080.7              +1  176     sbit  P07 = P0^7;
                    +1  177     
                    +1  178     
0090.0              +1  179     sbit  P10 = P1^0;
AX51 MACRO ASSEMBLER  TIMER0_ISR                                                            10/25/23 19:58:25 PAGE     4

0090.1              +1  180     sbit  P11 = P1^1;
0090.2              +1  181     sbit  P12 = P1^2;
0090.3              +1  182     sbit  P13 = P1^3;
0090.4              +1  183     sbit  P14 = P1^4;
0090.5              +1  184     sbit  P15 = P1^5;
0090.6              +1  185     sbit  P16 = P1^6;
0090.7              +1  186     sbit  P17 = P1^7;
                    +1  187     
0090.0              +1  188     sbit  RXD2      = P1^0;
0090.1              +1  189     sbit  TXD2      = P1^1;
0090.0              +1  190     sbit  CCP1      = P1^0;
0090.1              +1  191     sbit  CCP0      = P1^1;
0090.2              +1  192     sbit  SPI_SS    = P1^2;
0090.3              +1  193     sbit  SPI_MOSI  = P1^3;
0090.4              +1  194     sbit  SPI_MISO  = P1^4;
0090.5              +1  195     sbit  SPI_SCLK  = P1^5;
                    +1  196     
00A0.4              +1  197     sbit  SPI_SS_2    = P2^4;
00A0.3              +1  198     sbit  SPI_MOSI_2  = P2^3;
00A0.2              +1  199     sbit  SPI_MISO_2  = P2^2;
00A0.1              +1  200     sbit  SPI_SCLK_2  = P2^1;
                    +1  201     
00C8.4              +1  202     sbit  SPI_SS_3    = P5^4;
00C0.0              +1  203     sbit  SPI_MOSI_3  = P4^0;
00C0.1              +1  204     sbit  SPI_MISO_3  = P4^1;
00C0.3              +1  205     sbit  SPI_SCLK_3  = P4^3;
                    +1  206     
00A0.0              +1  207     sbit  P20 = P2^0;
00A0.1              +1  208     sbit  P21 = P2^1;
00A0.2              +1  209     sbit  P22 = P2^2;
00A0.3              +1  210     sbit  P23 = P2^3;
00A0.4              +1  211     sbit  P24 = P2^4;
00A0.5              +1  212     sbit  P25 = P2^5;
00A0.6              +1  213     sbit  P26 = P2^6;
00A0.7              +1  214     sbit  P27 = P2^7;
                    +1  215     
00B0.0              +1  216     sbit  P30 = P3^0;
00B0.1              +1  217     sbit  P31 = P3^1;
00B0.2              +1  218     sbit  P32 = P3^2;
00B0.3              +1  219     sbit  P33 = P3^3;
00B0.4              +1  220     sbit  P34 = P3^4;
00B0.5              +1  221     sbit  P35 = P3^5;
00B0.6              +1  222     sbit  P36 = P3^6;
00B0.7              +1  223     sbit  P37 = P3^7;
                    +1  224     
00B0.0              +1  225     sbit RXD  = P3^0;
00B0.1              +1  226     sbit TXD  = P3^1;
00B0.2              +1  227     sbit INT0 = P3^2;
00B0.3              +1  228     sbit INT1 = P3^3;
00B0.4              +1  229     sbit T0   = P3^4;
00B0.5              +1  230     sbit T1   = P3^5;
00B0.6              +1  231     sbit WR   = P3^6;
00B0.7              +1  232     sbit RD   = P3^7;
00B0.7              +1  233     sbit CCP2  = P3^7;
                    +1  234     
00B0.5              +1  235     sbit CLKOUT0   = P3^5;
00B0.4              +1  236     sbit CLKOUT1   = P3^4;
                    +1  237     
                    +1  238     
00C0.0              +1  239     sbit  P40 = P4^0;
00C0.1              +1  240     sbit  P41 = P4^1;
00C0.2              +1  241     sbit  P42 = P4^2;
00C0.3              +1  242     sbit  P43 = P4^3;
00C0.4              +1  243     sbit  P44 = P4^4;
00C0.5              +1  244     sbit  P45 = P4^5;
00C0.6              +1  245     sbit  P46 = P4^6;
AX51 MACRO ASSEMBLER  TIMER0_ISR                                                            10/25/23 19:58:25 PAGE     5

00C0.7              +1  246     sbit  P47 = P4^7;
                    +1  247     
                    +1  248     
00C8.0              +1  249     sbit  P50 = P5^0;
00C8.1              +1  250     sbit  P51 = P5^1;
00C8.2              +1  251     sbit  P52 = P5^2;
00C8.3              +1  252     sbit  P53 = P5^3;
00C8.4              +1  253     sbit  P54 = P5^4;
00C8.5              +1  254     sbit  P55 = P5^5;
00C8.6              +1  255     sbit  P56 = P5^6;
00C8.7              +1  256     sbit  P57 = P5^7;
                    +1  257     
                    +1  258     
0098.7              +1  259     sbit SM0  = SCON^7;     //SM0/FE                SM0 SM1 = 00 ~ 11: ÊñπÂºè0~3
0098.6              +1  260     sbit SM1  = SCON^6;     //
0098.5              +1  261     sbit SM2  = SCON^5;     //Â§öÊú∫ÈÄöËÆØ
0098.4              +1  262     sbit REN  = SCON^4;     //Êé•Êî∂ÂÖÅËÆ∏
0098.3              +1  263     sbit TB8  = SCON^3;     //ÂèëÈÄÅÊï∞ÊçÆÁ¨¨8‰Ωç
0098.2              +1  264     sbit RB8  = SCON^2;     //Êé•Êî∂Êï∞ÊçÆÁ¨¨8‰Ωç
0098.1              +1  265     sbit TI   = SCON^1;     //ÂèëÈÄÅ‰∏≠Êñ≠Ê†áÂøó‰Ωç
0098.0              +1  266     sbit RI   = SCON^0;     //Êé•Êî∂‰∏≠Êñ≠Ê†áÂøó‰Ωç
                    +1  267     
00A8.7              +1  268     sbit EA   = IE^7;       //‰∏≠Êñ≠ÂÖÅËÆ∏ÊÄªÊéßÂà∂‰Ωç
00A8.6              +1  269     sbit ELVD = IE^6;       //‰ΩéÂéãÁõëÊµã‰∏≠Êñ≠ÂÖÅËÆ∏‰Ωç
00A8.5              +1  270     sbit EADC = IE^5;       //ADC ‰∏≠Êñ≠ ÂÖÅËÆ∏‰Ωç
00A8.4              +1  271     sbit ES   = IE^4;       //‰∏≤Ë°å‰∏≠Êñ≠ ÂÖÅËÆ∏ÊéßÂà∂‰Ωç
00A8.3              +1  272     sbit ET1  = IE^3;       //ÂÆöÊó∂‰∏≠Êñ≠1ÂÖÅËÆ∏ÊéßÂà∂‰Ωç
00A8.2              +1  273     sbit EX1  = IE^2;       //Â§ñÈÉ®‰∏≠Êñ≠1ÂÖÅËÆ∏ÊéßÂà∂‰Ωç
00A8.1              +1  274     sbit ET0  = IE^1;       //ÂÆöÊó∂‰∏≠Êñ≠0ÂÖÅËÆ∏ÊéßÂà∂‰Ωç
00A8.0              +1  275     sbit EX0  = IE^0;       //Â§ñÈÉ®‰∏≠Êñ≠0ÂÖÅËÆ∏ÊéßÂà∂‰Ωç
                    +1  276     
                    +1  277     
                    +1  278      
                    +1  279     
                    +1  280     
                    +1  281     
                    +1  282     
                    +1  283     
                    +1  284     
                    +1  285     
                    +1  286     
                    +1  287     
                    +1  288     
                    +1  289     
00E0.0              +1  290     sbit ACC0 = ACC^0;
00E0.1              +1  291     sbit ACC1 = ACC^1;
00E0.2              +1  292     sbit ACC2 = ACC^2;
00E0.3              +1  293     sbit ACC3 = ACC^3;
00E0.4              +1  294     sbit ACC4 = ACC^4;
00E0.5              +1  295     sbit ACC5 = ACC^5;
00E0.6              +1  296     sbit ACC6 = ACC^6;
00E0.7              +1  297     sbit ACC7 = ACC^7;
                    +1  298     
00F0.0              +1  299     sbit B0 = B^0;
00F0.1              +1  300     sbit B1 = B^1;
00F0.2              +1  301     sbit B2 = B^2;
00F0.3              +1  302     sbit B3 = B^3;
00F0.4              +1  303     sbit B4 = B^4;
00F0.5              +1  304     sbit B5 = B^5;
00F0.6              +1  305     sbit B6 = B^6;
00F0.7              +1  306     sbit B7 = B^7;
                    +1  307     
00B8.7              +1  308     sbit PPCA       = IP^7; //PCA Ê®°Âùó‰∏≠Êñ≠‰ºòÂÖàÁ∫ß
00B8.6              +1  309     sbit PLVD       = IP^6; //‰ΩéÂéãÁõëÊµã‰∏≠Êñ≠‰ºòÂÖàÁ∫ß
00B8.5              +1  310     sbit PADC       = IP^5; //ADC ‰∏≠Êñ≠‰ºòÂÖàÁ∫ß
00B8.4              +1  311     sbit PS         = IP^4; //‰∏≤Ë°å‰∏≠Êñ≠0‰ºòÂÖàÁ∫ßËÆæÂÆö‰Ωç
AX51 MACRO ASSEMBLER  TIMER0_ISR                                                            10/25/23 19:58:25 PAGE     6

00B8.3              +1  312     sbit PT1        = IP^3; //ÂÆöÊó∂‰∏≠Êñ≠1‰ºòÂÖàÁ∫ßËÆæÂÆö‰Ωç
00B8.2              +1  313     sbit PX1        = IP^2; //Â§ñÈÉ®‰∏≠Êñ≠1‰ºòÂÖàÁ∫ßËÆæÂÆö‰Ωç
00B8.1              +1  314     sbit PT0        = IP^1; //ÂÆöÊó∂‰∏≠Êñ≠0‰ºòÂÖàÁ∫ßËÆæÂÆö‰Ωç
00B8.0              +1  315     sbit PX0        = IP^0; //Â§ñÈÉ®‰∏≠Êñ≠0‰ºòÂÖàÁ∫ßËÆæÂÆö‰Ωç
                    +1  316     
00D8.0              +1  317     sbit CCF0  = CCON^0;    //PCA Ê®°Âùó0‰∏≠Êñ≠Ê†áÂøóÔºåÁî±Á°¨‰ª∂ÁΩÆ‰ΩçÔºåÂøÖÈ°ªÁî±ËΩØ‰ª∂Ê∏Ö
                               0„ÄÇ
00D8.1              +1  318     sbit CCF1  = CCON^1;    //PCA Ê®°Âùó1‰∏≠Êñ≠Ê†áÂøóÔºåÁî±Á°¨‰ª∂ÁΩÆ‰ΩçÔºåÂøÖÈ°ªÁî±ËΩØ‰ª∂Ê∏Ö
                               0„ÄÇ
00D8.2              +1  319     sbit CCF2  = CCON^2;    //PCA Ê®°Âùó2‰∏≠Êñ≠Ê†áÂøóÔºåÁî±Á°¨‰ª∂ÁΩÆ‰ΩçÔºåÂøÖÈ°ªÁî±ËΩØ‰ª∂Ê∏Ö
                               0„ÄÇ
00D8.6              +1  320     sbit CR    = CCON^6;    //1: ÂÖÅËÆ∏PCAËÆ°Êï∞Âô®ËÆ°Êï∞ÔºåÂøÖÈ°ªÁî±ËΩØ‰ª∂Ê∏Ö0„ÄÇ
00D8.7              +1  321     sbit CF    = CCON^7;    //PCAËÆ°Êï∞Âô®Ê∫¢Âá∫ÔºàCHÔºåCLÁî±FFFFHÂèò‰∏∫0000HÔºâÊ†áÂøó„ÄÇPCA
                               ËÆ°Êï∞Âô®Ê∫¢Âá∫ÂêéÁî±Á°¨‰ª∂ÁΩÆ‰ΩçÔºåÂøÖÈ°ªÁî±ËΩØ‰ª∂Ê∏Ö0„Ä
                    +1  322     
                    +1  323     
                        324     
                        325     ;#include "xstack.inc"
 0020               +1  326     KERNEL_XSTACKSIZE EQU 32
 0040               +1  327     PROCESS_XSTACKSIZE EQU 64
                    +1  328     
                    +1  329     EXTERN XDATA (KERNEL_XSTACK, PROCESS_XSTACK)
                    +1  330     EXTERN DATA (?C_XBP)
                    +1  331     EXTERN CODE (GETXBP, SETXBP)
                        332     
                        333     ;#include "stack.inc"
 000F               +1  334     KERNEL_STACKSIZE EQU 14+1
 0015               +1  335     PROCESS_STACKSIZE EQU 20+1
                    +1  336     
                    +1  337     EXTERN IDATA (KERNEL_STACK, PROCESS_STACK)
                    +1  338     EXTERN XDATA (PROCESS_STACK_SWAP)
                        339     
                        340     
                        341     EXTERN DATA (INTERRUPT_COUNTER, FLAG_NOSCHED, INTERRUPT_CONTEXT)
                        342     
00000B                  343     SEG_TIMER0_ISR_ENTRY SEGMENT CODE AT 000Bh
------                  344     RSEG SEG_TIMER0_ISR_ENTRY
00000B 020000     F     345             LJMP TIMER0_ISR
                        346             
------                  347     SEG_TIMER0_ISR SEGMENT CODE
------                  348     RSEG SEG_TIMER0_ISR
000000                  349             TIMER0_ISR:
000000 0500       E     350                     INC INTERRUPT_COUNTER
000002 C500       E     351                     XCH A, FLAG_NOSCHED
000004 7065             352                     JNZ T0ISR_SKIP
000006 C500       E     353                             XCH A, FLAG_NOSCHED
                        354                             ;SAVE CURRENT STATE
000008 858300     E     355                             MOV INTERRUPT_CONTEXT, DPH
00000B 858200     E     356                             MOV INTERRUPT_CONTEXT+1, DPL
00000E F500       E     357                             MOV INTERRUPT_CONTEXT+2, A
000010 85F000     E     358                             MOV INTERRUPT_CONTEXT+3, B
000013 85D000     E     359                             MOV INTERRUPT_CONTEXT+4, PSW
000016 8800       E     360                             MOV INTERRUPT_CONTEXT+5, R0
000018 8900       E     361                             MOV INTERRUPT_CONTEXT+6, R1
00001A 8A00       E     362                             MOV INTERRUPT_CONTEXT+7, R2
00001C 8B00       E     363                             MOV INTERRUPT_CONTEXT+8, R3
00001E 8C00       E     364                             MOV INTERRUPT_CONTEXT+9, R4
000020 8D00       E     365                             MOV INTERRUPT_CONTEXT+10, R5
000022 8E00       E     366                             MOV INTERRUPT_CONTEXT+11, R6
000024 8F00       E     367                             MOV INTERRUPT_CONTEXT+12, R7
000026 850000     E     368                             MOV INTERRUPT_CONTEXT+13, ?C_XBP 
000029 850000     E     369                             MOV INTERRUPT_CONTEXT+14, ?C_XBP + 1
                        370             
00002C D000       E     371                             POP     INTERRUPT_CONTEXT+15
00002E D000       E     372                             POP INTERRUPT_CONTEXT+16
000030 858100     E     373                             MOV INTERRUPT_CONTEXT+17, SP
AX51 MACRO ASSEMBLER  TIMER0_ISR                                                            10/25/23 19:58:25 PAGE     7

                        374                             ;STATE SAVED
                        375                             
                        376                             ;START TO MOVE TO KERNEL CONTEXT
                        377                             ;Kernel uses it's own stack and xstack
000033 758100     E     378                             MOV SP, #KERNEL_STACK
000036 750000     E     379                             MOV ?C_XBP              , #HIGH (KERNEL_STACK + KERNEL_XSTACKSIZ
                               E)
000039 750000     E     380                             MOV ?C_XBP + 1  , #LOW  (KERNEL_STACK + KERNEL_XSTACKSIZE)
                        381                             
                        382                             EXTERN CODE (TIMER0_ISR_C)
00003C 120000     E     383                             CALL TIMER0_ISR_C
                        384                             ;Kernel processing end.
                        385                             
                        386                             ;Load process state.
00003F 850081     E     387                             MOV SP, INTERRUPT_CONTEXT+17
000042 C000       E     388                             PUSH INTERRUPT_CONTEXT+16
000044 C000       E     389                             PUSH INTERRUPT_CONTEXT+15
                        390             
000046 850083     E     391                             MOV DPH, INTERRUPT_CONTEXT
000049 850082     E     392                             MOV DPL, INTERRUPT_CONTEXT+1
00004C E500       E     393                             MOV A, INTERRUPT_CONTEXT+2
00004E 8500F0     E     394                             MOV B, INTERRUPT_CONTEXT+3
000051 8500D0     E     395                             MOV PSW, INTERRUPT_CONTEXT+4
000054 A800       E     396                             MOV R0, INTERRUPT_CONTEXT+5
000056 A900       E     397                             MOV R1, INTERRUPT_CONTEXT+6
000058 AA00       E     398                             MOV R2, INTERRUPT_CONTEXT+7
00005A AB00       E     399                             MOV R3, INTERRUPT_CONTEXT+8
00005C AC00       E     400                             MOV R4, INTERRUPT_CONTEXT+9
00005E AD00       E     401                             MOV R5, INTERRUPT_CONTEXT+10
000060 AE00       E     402                             MOV R6, INTERRUPT_CONTEXT+11
000062 AF00       E     403                             MOV R7, INTERRUPT_CONTEXT+12
000064 850000     E     404                             MOV ?C_XBP, INTERRUPT_CONTEXT+13
000067 850000     E     405                             MOV ?C_XBP + 1, INTERRUPT_CONTEXT+14
00006A 32               406                             RETI
                        407                      
00006B                  408                     T0ISR_SKIP:
00006B C500       E     409                     XCH A, FLAG_NOSCHED
00006D 32               410                     RETI
                        411     
                        412     END
                        413             
                        414             
AX51 MACRO ASSEMBLER  TIMER0_ISR                                                            10/25/23 19:58:25 PAGE     8

SYMBOL TABLE LISTING
------ ----- -------


N A M E                               T Y P E  V A L U E     ATTRIBUTES

?C_XBP . . . . . . . . . . . . . . .  D  ADDR  -------       EXT
AC . . . . . . . . . . . . . . . . .  B  ADDR  00D0H.6   A   
ACC. . . . . . . . . . . . . . . . .  D  ADDR  00E0H     A   
ACC0 . . . . . . . . . . . . . . . .  B  ADDR  00E0H.0   A   
ACC1 . . . . . . . . . . . . . . . .  B  ADDR  00E0H.1   A   
ACC2 . . . . . . . . . . . . . . . .  B  ADDR  00E0H.2   A   
ACC3 . . . . . . . . . . . . . . . .  B  ADDR  00E0H.3   A   
ACC4 . . . . . . . . . . . . . . . .  B  ADDR  00E0H.4   A   
ACC5 . . . . . . . . . . . . . . . .  B  ADDR  00E0H.5   A   
ACC6 . . . . . . . . . . . . . . . .  B  ADDR  00E0H.6   A   
ACC7 . . . . . . . . . . . . . . . .  B  ADDR  00E0H.7   A   
ADC_CONTR. . . . . . . . . . . . . .  D  ADDR  00BCH     A   
ADC_RES. . . . . . . . . . . . . . .  D  ADDR  00BDH     A   
ADC_RESL . . . . . . . . . . . . . .  D  ADDR  00BEH     A   
AUXR . . . . . . . . . . . . . . . .  D  ADDR  008EH     A   
AUXR1. . . . . . . . . . . . . . . .  D  ADDR  00A2H     A   
AUXR2. . . . . . . . . . . . . . . .  D  ADDR  008FH     A   
B. . . . . . . . . . . . . . . . . .  D  ADDR  00F0H     A   
B0 . . . . . . . . . . . . . . . . .  B  ADDR  00F0H.0   A   
B1 . . . . . . . . . . . . . . . . .  B  ADDR  00F0H.1   A   
B2 . . . . . . . . . . . . . . . . .  B  ADDR  00F0H.2   A   
B3 . . . . . . . . . . . . . . . . .  B  ADDR  00F0H.3   A   
B4 . . . . . . . . . . . . . . . . .  B  ADDR  00F0H.4   A   
B5 . . . . . . . . . . . . . . . . .  B  ADDR  00F0H.5   A   
B6 . . . . . . . . . . . . . . . . .  B  ADDR  00F0H.6   A   
B7 . . . . . . . . . . . . . . . . .  B  ADDR  00F0H.7   A   
BUS_SPEED. . . . . . . . . . . . . .  D  ADDR  00A1H     A   
CCAP0H . . . . . . . . . . . . . . .  D  ADDR  00FAH     A   
CCAP0L . . . . . . . . . . . . . . .  D  ADDR  00EAH     A   
CCAP1H . . . . . . . . . . . . . . .  D  ADDR  00FBH     A   
CCAP1L . . . . . . . . . . . . . . .  D  ADDR  00EBH     A   
CCAP2H . . . . . . . . . . . . . . .  D  ADDR  00FCH     A   
CCAP2L . . . . . . . . . . . . . . .  D  ADDR  00ECH     A   
CCAPM0 . . . . . . . . . . . . . . .  D  ADDR  00DAH     A   
CCAPM1 . . . . . . . . . . . . . . .  D  ADDR  00DBH     A   
CCAPM2 . . . . . . . . . . . . . . .  D  ADDR  00DCH     A   
CCF0 . . . . . . . . . . . . . . . .  B  ADDR  00D8H.0   A   
CCF1 . . . . . . . . . . . . . . . .  B  ADDR  00D8H.1   A   
CCF2 . . . . . . . . . . . . . . . .  B  ADDR  00D8H.2   A   
CCON . . . . . . . . . . . . . . . .  D  ADDR  00D8H     A   
CCP0 . . . . . . . . . . . . . . . .  B  ADDR  0090H.1   A   
CCP1 . . . . . . . . . . . . . . . .  B  ADDR  0090H.0   A   
CCP2 . . . . . . . . . . . . . . . .  B  ADDR  00B0H.7   A   
CF . . . . . . . . . . . . . . . . .  B  ADDR  00D8H.7   A   
CH . . . . . . . . . . . . . . . . .  D  ADDR  00F9H     A   
CL . . . . . . . . . . . . . . . . .  D  ADDR  00E9H     A   
CLK_DIV. . . . . . . . . . . . . . .  D  ADDR  0097H     A   
CLKOUT0. . . . . . . . . . . . . . .  B  ADDR  00B0H.5   A   
CLKOUT1. . . . . . . . . . . . . . .  B  ADDR  00B0H.4   A   
CMOD . . . . . . . . . . . . . . . .  D  ADDR  00D9H     A   
CR . . . . . . . . . . . . . . . . .  B  ADDR  00D8H.6   A   
CY . . . . . . . . . . . . . . . . .  B  ADDR  00D0H.7   A   
DPH. . . . . . . . . . . . . . . . .  D  ADDR  0083H     A   
DPL. . . . . . . . . . . . . . . . .  D  ADDR  0082H     A   
EA . . . . . . . . . . . . . . . . .  B  ADDR  00A8H.7   A   
EADC . . . . . . . . . . . . . . . .  B  ADDR  00A8H.5   A   
ELVD . . . . . . . . . . . . . . . .  B  ADDR  00A8H.6   A   
ES . . . . . . . . . . . . . . . . .  B  ADDR  00A8H.4   A   
ET0. . . . . . . . . . . . . . . . .  B  ADDR  00A8H.1   A   
ET1. . . . . . . . . . . . . . . . .  B  ADDR  00A8H.3   A   
AX51 MACRO ASSEMBLER  TIMER0_ISR                                                            10/25/23 19:58:25 PAGE     9

EX0. . . . . . . . . . . . . . . . .  B  ADDR  00A8H.0   A   
EX1. . . . . . . . . . . . . . . . .  B  ADDR  00A8H.2   A   
F0 . . . . . . . . . . . . . . . . .  B  ADDR  00D0H.5   A   
F1 . . . . . . . . . . . . . . . . .  B  ADDR  00D0H.1   A   
FLAG_NOSCHED . . . . . . . . . . . .  D  ADDR  -------       EXT
GETXBP . . . . . . . . . . . . . . .  C  ADDR  -------       EXT
IAP_ADDRH. . . . . . . . . . . . . .  D  ADDR  00C3H     A   
IAP_ADDRL. . . . . . . . . . . . . .  D  ADDR  00C4H     A   
IAP_CMD. . . . . . . . . . . . . . .  D  ADDR  00C5H     A   
IAP_CONTR. . . . . . . . . . . . . .  D  ADDR  00C7H     A   
IAP_DATA . . . . . . . . . . . . . .  D  ADDR  00C2H     A   
IAP_TRIG . . . . . . . . . . . . . .  D  ADDR  00C6H     A   
IE . . . . . . . . . . . . . . . . .  D  ADDR  00A8H     A   
IE0. . . . . . . . . . . . . . . . .  B  ADDR  0088H.1   A   
IE1. . . . . . . . . . . . . . . . .  B  ADDR  0088H.3   A   
IE2. . . . . . . . . . . . . . . . .  D  ADDR  00AFH     A   
INT0 . . . . . . . . . . . . . . . .  B  ADDR  00B0H.2   A   
INT1 . . . . . . . . . . . . . . . .  B  ADDR  00B0H.3   A   
INT_CLKO . . . . . . . . . . . . . .  D  ADDR  008FH     A   
INTERRUPT_CONTEXT. . . . . . . . . .  D  ADDR  -------       EXT
INTERRUPT_COUNTER. . . . . . . . . .  D  ADDR  -------       EXT
IP . . . . . . . . . . . . . . . . .  D  ADDR  00B8H     A   
IP2. . . . . . . . . . . . . . . . .  D  ADDR  00B5H     A   
IPH. . . . . . . . . . . . . . . . .  D  ADDR  00B7H     A   
IPH2 . . . . . . . . . . . . . . . .  D  ADDR  00B6H     A   
ISP_ADDRH. . . . . . . . . . . . . .  D  ADDR  00C3H     A   
ISP_ADDRL. . . . . . . . . . . . . .  D  ADDR  00C4H     A   
ISP_CMD. . . . . . . . . . . . . . .  D  ADDR  00C5H     A   
ISP_CONTR. . . . . . . . . . . . . .  D  ADDR  00C7H     A   
ISP_DATA . . . . . . . . . . . . . .  D  ADDR  00C2H     A   
ISP_TRIG . . . . . . . . . . . . . .  D  ADDR  00C6H     A   
IT0. . . . . . . . . . . . . . . . .  B  ADDR  0088H.0   A   
IT1. . . . . . . . . . . . . . . . .  B  ADDR  0088H.2   A   
KERNEL_STACK . . . . . . . . . . . .  I  ADDR  -------       EXT
KERNEL_STACKSIZE . . . . . . . . . .  N  NUMB  000FH     A   
KERNEL_XSTACK. . . . . . . . . . . .  X  ADDR  -------       EXT
KERNEL_XSTACKSIZE. . . . . . . . . .  N  NUMB  0020H     A   
OV . . . . . . . . . . . . . . . . .  B  ADDR  00D0H.2   A   
P. . . . . . . . . . . . . . . . . .  B  ADDR  00D0H.0   A   
P0 . . . . . . . . . . . . . . . . .  D  ADDR  0080H     A   
P00. . . . . . . . . . . . . . . . .  B  ADDR  0080H.0   A   
P01. . . . . . . . . . . . . . . . .  B  ADDR  0080H.1   A   
P02. . . . . . . . . . . . . . . . .  B  ADDR  0080H.2   A   
P03. . . . . . . . . . . . . . . . .  B  ADDR  0080H.3   A   
P04. . . . . . . . . . . . . . . . .  B  ADDR  0080H.4   A   
P05. . . . . . . . . . . . . . . . .  B  ADDR  0080H.5   A   
P06. . . . . . . . . . . . . . . . .  B  ADDR  0080H.6   A   
P07. . . . . . . . . . . . . . . . .  B  ADDR  0080H.7   A   
P0M0 . . . . . . . . . . . . . . . .  D  ADDR  0094H     A   
P0M1 . . . . . . . . . . . . . . . .  D  ADDR  0093H     A   
P1 . . . . . . . . . . . . . . . . .  D  ADDR  0090H     A   
P10. . . . . . . . . . . . . . . . .  B  ADDR  0090H.0   A   
P11. . . . . . . . . . . . . . . . .  B  ADDR  0090H.1   A   
P12. . . . . . . . . . . . . . . . .  B  ADDR  0090H.2   A   
P13. . . . . . . . . . . . . . . . .  B  ADDR  0090H.3   A   
P14. . . . . . . . . . . . . . . . .  B  ADDR  0090H.4   A   
P15. . . . . . . . . . . . . . . . .  B  ADDR  0090H.5   A   
P16. . . . . . . . . . . . . . . . .  B  ADDR  0090H.6   A   
P17. . . . . . . . . . . . . . . . .  B  ADDR  0090H.7   A   
P1ASF. . . . . . . . . . . . . . . .  D  ADDR  009DH     A   
P1M0 . . . . . . . . . . . . . . . .  D  ADDR  0092H     A   
P1M1 . . . . . . . . . . . . . . . .  D  ADDR  0091H     A   
P2 . . . . . . . . . . . . . . . . .  D  ADDR  00A0H     A   
P20. . . . . . . . . . . . . . . . .  B  ADDR  00A0H.0   A   
P21. . . . . . . . . . . . . . . . .  B  ADDR  00A0H.1   A   
P22. . . . . . . . . . . . . . . . .  B  ADDR  00A0H.2   A   
AX51 MACRO ASSEMBLER  TIMER0_ISR                                                            10/25/23 19:58:25 PAGE    10

P23. . . . . . . . . . . . . . . . .  B  ADDR  00A0H.3   A   
P24. . . . . . . . . . . . . . . . .  B  ADDR  00A0H.4   A   
P25. . . . . . . . . . . . . . . . .  B  ADDR  00A0H.5   A   
P26. . . . . . . . . . . . . . . . .  B  ADDR  00A0H.6   A   
P27. . . . . . . . . . . . . . . . .  B  ADDR  00A0H.7   A   
P2M0 . . . . . . . . . . . . . . . .  D  ADDR  0096H     A   
P2M1 . . . . . . . . . . . . . . . .  D  ADDR  0095H     A   
P3 . . . . . . . . . . . . . . . . .  D  ADDR  00B0H     A   
P30. . . . . . . . . . . . . . . . .  B  ADDR  00B0H.0   A   
P31. . . . . . . . . . . . . . . . .  B  ADDR  00B0H.1   A   
P32. . . . . . . . . . . . . . . . .  B  ADDR  00B0H.2   A   
P33. . . . . . . . . . . . . . . . .  B  ADDR  00B0H.3   A   
P34. . . . . . . . . . . . . . . . .  B  ADDR  00B0H.4   A   
P35. . . . . . . . . . . . . . . . .  B  ADDR  00B0H.5   A   
P36. . . . . . . . . . . . . . . . .  B  ADDR  00B0H.6   A   
P37. . . . . . . . . . . . . . . . .  B  ADDR  00B0H.7   A   
P3M0 . . . . . . . . . . . . . . . .  D  ADDR  00B2H     A   
P3M1 . . . . . . . . . . . . . . . .  D  ADDR  00B1H     A   
P4 . . . . . . . . . . . . . . . . .  D  ADDR  00C0H     A   
P40. . . . . . . . . . . . . . . . .  B  ADDR  00C0H.0   A   
P41. . . . . . . . . . . . . . . . .  B  ADDR  00C0H.1   A   
P42. . . . . . . . . . . . . . . . .  B  ADDR  00C0H.2   A   
P43. . . . . . . . . . . . . . . . .  B  ADDR  00C0H.3   A   
P44. . . . . . . . . . . . . . . . .  B  ADDR  00C0H.4   A   
P45. . . . . . . . . . . . . . . . .  B  ADDR  00C0H.5   A   
P46. . . . . . . . . . . . . . . . .  B  ADDR  00C0H.6   A   
P47. . . . . . . . . . . . . . . . .  B  ADDR  00C0H.7   A   
P4M0 . . . . . . . . . . . . . . . .  D  ADDR  00B4H     A   
P4M1 . . . . . . . . . . . . . . . .  D  ADDR  00B3H     A   
P5 . . . . . . . . . . . . . . . . .  D  ADDR  00C8H     A   
P50. . . . . . . . . . . . . . . . .  B  ADDR  00C8H.0   A   
P51. . . . . . . . . . . . . . . . .  B  ADDR  00C8H.1   A   
P52. . . . . . . . . . . . . . . . .  B  ADDR  00C8H.2   A   
P53. . . . . . . . . . . . . . . . .  B  ADDR  00C8H.3   A   
P54. . . . . . . . . . . . . . . . .  B  ADDR  00C8H.4   A   
P55. . . . . . . . . . . . . . . . .  B  ADDR  00C8H.5   A   
P56. . . . . . . . . . . . . . . . .  B  ADDR  00C8H.6   A   
P57. . . . . . . . . . . . . . . . .  B  ADDR  00C8H.7   A   
P5M0 . . . . . . . . . . . . . . . .  D  ADDR  00CAH     A   
P5M1 . . . . . . . . . . . . . . . .  D  ADDR  00C9H     A   
P6 . . . . . . . . . . . . . . . . .  D  ADDR  00E8H     A   
P6M0 . . . . . . . . . . . . . . . .  D  ADDR  00CCH     A   
P6M1 . . . . . . . . . . . . . . . .  D  ADDR  00CBH     A   
P7 . . . . . . . . . . . . . . . . .  D  ADDR  00F8H     A   
P7M0 . . . . . . . . . . . . . . . .  D  ADDR  00E2H     A   
P7M1 . . . . . . . . . . . . . . . .  D  ADDR  00E1H     A   
P_SW1. . . . . . . . . . . . . . . .  D  ADDR  00A2H     A   
P_SW2. . . . . . . . . . . . . . . .  D  ADDR  00BAH     A   
PADC . . . . . . . . . . . . . . . .  B  ADDR  00B8H.5   A   
PCA_PWM0 . . . . . . . . . . . . . .  D  ADDR  00F2H     A   
PCA_PWM1 . . . . . . . . . . . . . .  D  ADDR  00F3H     A   
PCA_PWM2 . . . . . . . . . . . . . .  D  ADDR  00F4H     A   
PCON . . . . . . . . . . . . . . . .  D  ADDR  0087H     A   
PCON2. . . . . . . . . . . . . . . .  D  ADDR  0097H     A   
PLVD . . . . . . . . . . . . . . . .  B  ADDR  00B8H.6   A   
PPCA . . . . . . . . . . . . . . . .  B  ADDR  00B8H.7   A   
PROCESS_STACK. . . . . . . . . . . .  I  ADDR  -------       EXT
PROCESS_STACK_SWAP . . . . . . . . .  X  ADDR  -------       EXT
PROCESS_STACKSIZE. . . . . . . . . .  N  NUMB  0015H     A   
PROCESS_XSTACK . . . . . . . . . . .  X  ADDR  -------       EXT
PROCESS_XSTACKSIZE . . . . . . . . .  N  NUMB  0040H     A   
PS . . . . . . . . . . . . . . . . .  B  ADDR  00B8H.4   A   
PSW. . . . . . . . . . . . . . . . .  D  ADDR  00D0H     A   
PT0. . . . . . . . . . . . . . . . .  B  ADDR  00B8H.1   A   
PT1. . . . . . . . . . . . . . . . .  B  ADDR  00B8H.3   A   
PX0. . . . . . . . . . . . . . . . .  B  ADDR  00B8H.0   A   
AX51 MACRO ASSEMBLER  TIMER0_ISR                                                            10/25/23 19:58:25 PAGE    11

PX1. . . . . . . . . . . . . . . . .  B  ADDR  00B8H.2   A   
RB8. . . . . . . . . . . . . . . . .  B  ADDR  0098H.2   A   
RD . . . . . . . . . . . . . . . . .  B  ADDR  00B0H.7   A   
REN. . . . . . . . . . . . . . . . .  B  ADDR  0098H.4   A   
RI . . . . . . . . . . . . . . . . .  B  ADDR  0098H.0   A   
RL_T2H . . . . . . . . . . . . . . .  D  ADDR  00D6H     A   
RL_T2L . . . . . . . . . . . . . . .  D  ADDR  00D7H     A   
RL_T3H . . . . . . . . . . . . . . .  D  ADDR  00D4H     A   
RL_T3L . . . . . . . . . . . . . . .  D  ADDR  00D5H     A   
RL_T4H . . . . . . . . . . . . . . .  D  ADDR  00D2H     A   
RL_T4L . . . . . . . . . . . . . . .  D  ADDR  00D3H     A   
RL_TH0 . . . . . . . . . . . . . . .  D  ADDR  008CH     A   
RL_TH1 . . . . . . . . . . . . . . .  D  ADDR  008DH     A   
RL_TL0 . . . . . . . . . . . . . . .  D  ADDR  008AH     A   
RL_TL1 . . . . . . . . . . . . . . .  D  ADDR  008BH     A   
RS0. . . . . . . . . . . . . . . . .  B  ADDR  00D0H.3   A   
RS1. . . . . . . . . . . . . . . . .  B  ADDR  00D0H.4   A   
RXD. . . . . . . . . . . . . . . . .  B  ADDR  00B0H.0   A   
RXD2 . . . . . . . . . . . . . . . .  B  ADDR  0090H.0   A   
S2BUF. . . . . . . . . . . . . . . .  D  ADDR  009BH     A   
S2CON. . . . . . . . . . . . . . . .  D  ADDR  009AH     A   
S3BUF. . . . . . . . . . . . . . . .  D  ADDR  00ADH     A   
S3CON. . . . . . . . . . . . . . . .  D  ADDR  00ACH     A   
S4BUF. . . . . . . . . . . . . . . .  D  ADDR  0085H     A   
S4CON. . . . . . . . . . . . . . . .  D  ADDR  0084H     A   
SADDR. . . . . . . . . . . . . . . .  D  ADDR  00A9H     A   
SADEN. . . . . . . . . . . . . . . .  D  ADDR  00B9H     A   
SBUF . . . . . . . . . . . . . . . .  D  ADDR  0099H     A   
SCON . . . . . . . . . . . . . . . .  D  ADDR  0098H     A   
SEG_TIMER0_ISR . . . . . . . . . . .  C  SEG   00006EH       REL=UNIT, ALN=BYTE
SEG_TIMER0_ISR_ENTRY . . . . . . . .  C  SEG   00000EH       REL=ABS, ALN=BYTE
SETXBP . . . . . . . . . . . . . . .  C  ADDR  -------       EXT
SM0. . . . . . . . . . . . . . . . .  B  ADDR  0098H.7   A   
SM1. . . . . . . . . . . . . . . . .  B  ADDR  0098H.6   A   
SM2. . . . . . . . . . . . . . . . .  B  ADDR  0098H.5   A   
SP . . . . . . . . . . . . . . . . .  D  ADDR  0081H     A   
SPCTL. . . . . . . . . . . . . . . .  D  ADDR  00CEH     A   
SPDAT. . . . . . . . . . . . . . . .  D  ADDR  00CFH     A   
SPI_MISO . . . . . . . . . . . . . .  B  ADDR  0090H.4   A   
SPI_MISO_2 . . . . . . . . . . . . .  B  ADDR  00A0H.2   A   
SPI_MISO_3 . . . . . . . . . . . . .  B  ADDR  00C0H.1   A   
SPI_MOSI . . . . . . . . . . . . . .  B  ADDR  0090H.3   A   
SPI_MOSI_2 . . . . . . . . . . . . .  B  ADDR  00A0H.3   A   
SPI_MOSI_3 . . . . . . . . . . . . .  B  ADDR  00C0H.0   A   
SPI_SCLK . . . . . . . . . . . . . .  B  ADDR  0090H.5   A   
SPI_SCLK_2 . . . . . . . . . . . . .  B  ADDR  00A0H.1   A   
SPI_SCLK_3 . . . . . . . . . . . . .  B  ADDR  00C0H.3   A   
SPI_SS . . . . . . . . . . . . . . .  B  ADDR  0090H.2   A   
SPI_SS_2 . . . . . . . . . . . . . .  B  ADDR  00A0H.4   A   
SPI_SS_3 . . . . . . . . . . . . . .  B  ADDR  00C8H.4   A   
SPSTAT . . . . . . . . . . . . . . .  D  ADDR  00CDH     A   
T0 . . . . . . . . . . . . . . . . .  B  ADDR  00B0H.4   A   
T0ISR_SKIP . . . . . . . . . . . . .  C  ADDR  006BH     R   SEG=SEG_TIMER0_ISR
T1 . . . . . . . . . . . . . . . . .  B  ADDR  00B0H.5   A   
T2H. . . . . . . . . . . . . . . . .  D  ADDR  00D6H     A   
T2L. . . . . . . . . . . . . . . . .  D  ADDR  00D7H     A   
T3H. . . . . . . . . . . . . . . . .  D  ADDR  00D4H     A   
T3L. . . . . . . . . . . . . . . . .  D  ADDR  00D5H     A   
T4H. . . . . . . . . . . . . . . . .  D  ADDR  00D2H     A   
T4L. . . . . . . . . . . . . . . . .  D  ADDR  00D3H     A   
T4T3M. . . . . . . . . . . . . . . .  D  ADDR  00D1H     A   
TB8. . . . . . . . . . . . . . . . .  B  ADDR  0098H.3   A   
TCON . . . . . . . . . . . . . . . .  D  ADDR  0088H     A   
TF0. . . . . . . . . . . . . . . . .  B  ADDR  0088H.5   A   
TF1. . . . . . . . . . . . . . . . .  B  ADDR  0088H.7   A   
TH0. . . . . . . . . . . . . . . . .  D  ADDR  008CH     A   
AX51 MACRO ASSEMBLER  TIMER0_ISR                                                            10/25/23 19:58:25 PAGE    12

TH1. . . . . . . . . . . . . . . . .  D  ADDR  008DH     A   
TH2. . . . . . . . . . . . . . . . .  D  ADDR  00D6H     A   
TH3. . . . . . . . . . . . . . . . .  D  ADDR  00D4H     A   
TH4. . . . . . . . . . . . . . . . .  D  ADDR  00D2H     A   
TI . . . . . . . . . . . . . . . . .  B  ADDR  0098H.1   A   
TIMER0_ISR . . . . . . . . . . . . .  C  ADDR  0000H     R   SEG=SEG_TIMER0_ISR
TIMER0_ISR_C . . . . . . . . . . . .  C  ADDR  -------       EXT
TL0. . . . . . . . . . . . . . . . .  D  ADDR  008AH     A   
TL1. . . . . . . . . . . . . . . . .  D  ADDR  008BH     A   
TL2. . . . . . . . . . . . . . . . .  D  ADDR  00D7H     A   
TL3. . . . . . . . . . . . . . . . .  D  ADDR  00D5H     A   
TL4. . . . . . . . . . . . . . . . .  D  ADDR  00D3H     A   
TMOD . . . . . . . . . . . . . . . .  D  ADDR  0089H     A   
TR0. . . . . . . . . . . . . . . . .  B  ADDR  0088H.4   A   
TR1. . . . . . . . . . . . . . . . .  B  ADDR  0088H.6   A   
TXD. . . . . . . . . . . . . . . . .  B  ADDR  00B0H.1   A   
TXD2 . . . . . . . . . . . . . . . .  B  ADDR  0090H.1   A   
WAKE_CLKO. . . . . . . . . . . . . .  D  ADDR  008FH     A   
WDT_CONTR. . . . . . . . . . . . . .  D  ADDR  00C1H     A   
WKTCH. . . . . . . . . . . . . . . .  D  ADDR  00ABH     A   
WKTCL. . . . . . . . . . . . . . . .  D  ADDR  00AAH     A   
WR . . . . . . . . . . . . . . . . .  B  ADDR  00B0H.6   A   


REGISTER BANK(S) USED: 0 


ASSEMBLY COMPLETE.  0 WARNING(S), 0 ERROR(S).
