C51 COMPILER V9.60.7.0   DELAY                                                             12/12/2023 14:51:32 PAGE 1   


C51 COMPILER V9.60.7.0, COMPILATION OF MODULE DELAY
OBJECT MODULE PLACED IN Delay.OBJ
COMPILER INVOKED BY: D:\Keil_v5_2\C51\BIN\C51.EXE Delay.c OPTIMIZE(8,SPEED) BROWSE DEBUG OBJECTEXTEND TABS(2)

line level    source

   1          #include "Delay.h"
   2          
   3          /*
   4           * 函数名：Delayms
   5           * 描述  ：毫秒延时程序
   6           * 输入  ：延时i毫秒
   7           * 输出  ：无
   8           */
   9          /*void Delayms(char i)      
  10          { 
  11            while(i--)
  12            { 
  13              int n=500;
  14              while (n--)
  15                {
  16                    _nop_();
  17                    _nop_();
  18                    _nop_();
  19                    _nop_();
  20                    _nop_();
  21                }
  22            }
  23          } */
  24          
  25          /*
  26           * 函数名：Delayus
  27           * 描述  ：微秒延时程序
  28           * 输入  ：延时i微秒
  29           * 输出  ：无
  30           */
  31          void Delayus(int i)
  32          {
  33   1        while (i--)
  34   1          {
  35   2              _nop_();
  36   2              _nop_();
  37   2          }
  38   1      }
  39          
  40          /*
  41           * 函数名：Delay
  42           * 描述  ：延时程序
  43           * 输入  ：无
  44           * 输出  ：无
  45           */
  46          void Delay(char n)
  47          {
  48   1        int x;
  49   1        while(n--)
  50   1        {
  51   2          x=5000;
  52   2          while(x--);
  53   2        } 
  54   1      }

C51 COMPILER V9.60.7.0   DELAY                                                             12/12/2023 14:51:32 PAGE 2   


MODULE INFORMATION:   STATIC OVERLAYABLE
   CODE SIZE        =     38    ----
   CONSTANT SIZE    =   ----    ----
   XDATA SIZE       =   ----    ----
   PDATA SIZE       =   ----    ----
   DATA SIZE        =   ----    ----
   IDATA SIZE       =   ----    ----
   BIT SIZE         =   ----    ----
END OF MODULE INFORMATION.


C51 COMPILATION COMPLETE.  0 WARNING(S),  0 ERROR(S)
