C51 COMPILER V9.60.7.0   LED                                                               12/12/2023 14:51:33 PAGE 1   


C51 COMPILER V9.60.7.0, COMPILATION OF MODULE LED
OBJECT MODULE PLACED IN led.OBJ
COMPILER INVOKED BY: D:\Keil_v5_2\C51\BIN\C51.EXE led.c OPTIMIZE(8,SPEED) BROWSE DEBUG OBJECTEXTEND TABS(2)

line level    source

   1          #include "led.h"
   2          
   3          /*
   4           * 函数名：Config_LED
   5           * 描述  ：配置LED用到的I/O口
   6           * 输入  ：无
   7           * 输出  ：无
   8           */
   9          void Config_LED()
  10          {
  11   1        CLK_DIV=0X00;
  12   1        P0M0=0XFF;
  13   1        P0M1=0X00;
  14   1        P2M0=0x00;
  15   1        P2M1=0x00;
  16   1      }
  17          
  18          /*
  19           * 函数名：Display_LED_Num
  20           * 描述  ：设置数码管显示的数
  21           * 输入  ：第j个数码管显示数为i,flag=1时显示的带小数点，flag=0时，不带小数点
  22           * 输出  ：无
  23           */
  24          void Display_LED_Num(int i,int j,unsigned char flag)
  25          {
  26   1         unsigned char num[]={
  27   1                    0x3f,0x06,0x5b,0x4f,
  28   1                    0x66,0x6d,0x7d,0x07,
  29   1                    0x7f,0x6f
  30   1                  };
  31   1         unsigned char num1[]={
  32   1                    0xbf,0x86,0xdb,0xcf,
  33   1                    0xe6,0xed,0xfd,0x87, 
  34   1                    0xff,0xef   
  35   1                   };
  36   1         switch(j)
  37   1         {
  38   2           case 1: P2_2=0; P2_1=0;P2_0=0; break;      
  39   2           case 2: P2_2=0; P2_1=0;P2_0=1; break;        
  40   2           case 3: P2_2=0; P2_1=1;P2_0=0; break;  
  41   2           case 4: P2_2=0; P2_1=1;P2_0=1; break;    
  42   2           case 5: P2_2=1; P2_1=0;P2_0=0; break;
  43   2           case 6: P2_2=1; P2_1=0;P2_0=1; break;
  44   2           case 7: P2_2=1; P2_1=1;P2_0=0; break;
  45   2           default: P2_2=1; P2_1=1;P2_0=1; break;
  46   2         }
  47   1          
  48   1         if(flag)
  49   1         {
  50   2          P0=num1[i];   
  51   2          Delayus(500);
  52   2          P0=0x00;
  53   2          Delayus(500);   
  54   2         }
  55   1         else         
C51 COMPILER V9.60.7.0   LED                                                               12/12/2023 14:51:33 PAGE 2   

  56   1         {
  57   2           P0=num[i];
  58   2           Delayus(500);
  59   2           P0=0X00;
  60   2           Delayus(500);
  61   2         }
  62   1      }
  63          
  64          


MODULE INFORMATION:   STATIC OVERLAYABLE
   CODE SIZE        =    188    ----
   CONSTANT SIZE    =     20    ----
   XDATA SIZE       =   ----    ----
   PDATA SIZE       =   ----    ----
   DATA SIZE        =   ----      25
   IDATA SIZE       =   ----    ----
   BIT SIZE         =   ----    ----
END OF MODULE INFORMATION.


C51 COMPILATION COMPLETE.  0 WARNING(S),  0 ERROR(S)
